#
# There is insufficient memory for the Java Runtime Environment to continue.
# Native memory allocation (malloc) failed to allocate 32744 bytes for ChunkPool::allocate
# Possible reasons:
#   The system is out of physical RAM or swap space
#   The process is running with CompressedOops enabled, and the Java Heap may be blocking the growth of the native heap
# Possible solutions:
#   Reduce memory load on the system
#   Increase physical memory or swap space
#   Check if swap backing store is full
#   Decrease Java heap size (-Xmx/-Xms)
#   Decrease number of Java threads
#   Decrease Java thread stack sizes (-Xss)
#   Set larger code cache with -XX:ReservedCodeCacheSize=
#   JVM is running with Unscaled Compressed Oops mode in which the Java heap is
#     placed in the first 4GB address space. The Java Heap base address is the
#     maximum limit for the native heap growth. Please use -XX:HeapBaseMinAddress
#     to set the Java Heap base and to place the Java Heap above 4GB virtual address.
# This output file may be truncated or incomplete.
#
#  Out of Memory Error (allocation.cpp:272), pid=10268, tid=0x0000000000000bec
#
# JRE version: OpenJDK Runtime Environment (8.0_242-b01) (build 1.8.0_242-release-1644-b01)
# Java VM: OpenJDK 64-Bit Server VM (25.242-b01 mixed mode windows-amd64 compressed oops)
# Failed to write core dump. Minidumps are not enabled by default on client versions of Windows
#

---------------  T H R E A D  ---------------

Current thread (0x00000000192f1000):  JavaThread "C2 CompilerThread0" daemon [_thread_in_native, id=3052, stack(0x0000000019bc0000,0x0000000019cc0000)]

Stack: [0x0000000019bc0000,0x0000000019cc0000]
[error occurred during error reporting (printing stack bounds), id 0xc0000005]

Native frames: (J=compiled Java code, j=interpreted, Vv=VM code, C=native code)


Current CompileTask:
C2: 280631 21057       4       java.text.SimpleDateFormat::subFormat (1260 bytes)


---------------  P R O C E S S  ---------------

Java Threads: ( => current thread )
  0x000000001b037800 JavaThread "Cache worker for cache directory md-rule (C:\Users\hieub\.gradle\caches\6.5\md-rule)" [_thread_blocked, id=9008, stack(0x000000001f3d0000,0x000000001f4d0000)]
  0x000000001b039000 JavaThread "Cache worker for cache directory md-supplier (C:\Users\hieub\.gradle\caches\6.5\md-supplier)" [_thread_blocked, id=8140, stack(0x000000001de00000,0x000000001df00000)]
  0x000000001b033000 JavaThread "Cache worker for checksums cache (F:\Learn_code_on_College\Chuyen-de-di-dong\codeProject\Hotel_Booking_App_Of_Hotel\.gradle\checksums)" [_thread_blocked, id=3156, stack(0x000000001db00000,0x000000001dc00000)]
  0x000000001b030000 JavaThread "Cache worker for file hash cache (F:\Learn_code_on_College\Chuyen-de-di-dong\codeProject\Hotel_Booking_App_Of_Hotel\.gradle\6.5\fileHashes)" [_thread_blocked, id=3548, stack(0x000000001d900000,0x000000001da00000)]
  0x000000001b031800 JavaThread "Thread-310" [_thread_blocked, id=6592, stack(0x000000001d800000,0x000000001d900000)]
  0x000000001b036800 JavaThread "Stdin handler" [_thread_blocked, id=10584, stack(0x000000001d700000,0x000000001d800000)]
  0x000000001b02f000 JavaThread "Asynchronous log dispatcher for DefaultDaemonConnection: socket connection from /127.0.0.1:54028 to /127.0.0.1:59299" [_thread_blocked, id=6476, stack(0x000000001d0c0000,0x000000001d1c0000)]
  0x000000001b034800 JavaThread "Cancel handler" [_thread_blocked, id=13096, stack(0x0000000000850000,0x0000000000950000)]
  0x000000001b033800 JavaThread "Handler for socket connection from /127.0.0.1:54028 to /127.0.0.1:59299" [_thread_in_native, id=13120, stack(0x0000000000750000,0x0000000000850000)]
  0x000000001b03e000 JavaThread "ForkJoinPool.commonPool-worker-5" daemon [_thread_blocked, id=2952, stack(0x0000000031830000,0x0000000031930000)]
  0x000000001b03a800 JavaThread "ForkJoinPool.commonPool-worker-4" daemon [_thread_blocked, id=7944, stack(0x00000000314b0000,0x00000000315b0000)]
  0x0000000022863000 JavaThread "jar transforms Thread 188" [_thread_blocked, id=13204, stack(0x000000002a290000,0x000000002a390000)]
  0x000000002285e800 JavaThread "jar transforms Thread 187" [_thread_blocked, id=5716, stack(0x000000002a190000,0x000000002a290000)]
  0x000000002285d800 JavaThread "jar transforms Thread 186" [_thread_blocked, id=10224, stack(0x000000002a090000,0x000000002a190000)]
  0x0000000022856000 JavaThread "jar transforms Thread 185" [_thread_blocked, id=5540, stack(0x0000000029f90000,0x000000002a090000)]
  0x000000002285d000 JavaThread "jar transforms Thread 184" [_thread_blocked, id=6740, stack(0x0000000029e90000,0x0000000029f90000)]
  0x000000002285c000 JavaThread "jar transforms Thread 183" [_thread_blocked, id=5448, stack(0x0000000029d90000,0x0000000029e90000)]
  0x0000000022857800 JavaThread "jar transforms Thread 182" [_thread_blocked, id=12496, stack(0x0000000029c90000,0x0000000029d90000)]
  0x0000000022854800 JavaThread "jar transforms Thread 181" [_thread_blocked, id=11776, stack(0x0000000029b90000,0x0000000029c90000)]
  0x000000002285a000 JavaThread "jar transforms Thread 180" [_thread_blocked, id=6788, stack(0x0000000029a90000,0x0000000029b90000)]
  0x0000000022855800 JavaThread "jar transforms Thread 179" [_thread_blocked, id=8396, stack(0x0000000029990000,0x0000000029a90000)]
  0x000000002285b800 JavaThread "jar transforms Thread 178" [_thread_blocked, id=1152, stack(0x0000000029890000,0x0000000029990000)]
  0x000000002285a800 JavaThread "jar transforms Thread 177" [_thread_blocked, id=10048, stack(0x0000000029790000,0x0000000029890000)]
  0x0000000022859000 JavaThread "jar transforms Thread 176" [_thread_blocked, id=9208, stack(0x0000000029690000,0x0000000029790000)]
  0x0000000022858800 JavaThread "jar transforms Thread 175" [_thread_blocked, id=6824, stack(0x0000000029590000,0x0000000029690000)]
  0x0000000022857000 JavaThread "jar transforms Thread 174" [_thread_blocked, id=13248, stack(0x0000000029340000,0x0000000029440000)]
  0x000000002110e000 JavaThread "jar transforms Thread 173" [_thread_blocked, id=2844, stack(0x0000000029240000,0x0000000029340000)]
  0x000000002110d800 JavaThread "jar transforms Thread 172" [_thread_blocked, id=5392, stack(0x0000000029140000,0x0000000029240000)]
  0x000000002110a800 JavaThread "jar transforms Thread 171" [_thread_blocked, id=10144, stack(0x0000000029040000,0x0000000029140000)]
  0x000000002110c800 JavaThread "jar transforms Thread 170" [_thread_blocked, id=11716, stack(0x0000000028f40000,0x0000000029040000)]
  0x000000002110f000 JavaThread "jar transforms Thread 169" [_thread_blocked, id=10148, stack(0x0000000028e40000,0x0000000028f40000)]
  0x0000000021105000 JavaThread "jar transforms Thread 168" [_thread_blocked, id=10188, stack(0x0000000028d40000,0x0000000028e40000)]
  0x0000000021109800 JavaThread "jar transforms Thread 167" [_thread_blocked, id=12260, stack(0x0000000028c40000,0x0000000028d40000)]
  0x0000000021109000 JavaThread "jar transforms Thread 166" [_thread_blocked, id=10152, stack(0x0000000028b40000,0x0000000028c40000)]
  0x0000000021106000 JavaThread "jar transforms Thread 165" [_thread_blocked, id=10424, stack(0x0000000028a40000,0x0000000028b40000)]
  0x000000002110c000 JavaThread "jar transforms Thread 164" [_thread_blocked, id=9300, stack(0x0000000028940000,0x0000000028a40000)]
  0x000000002110b000 JavaThread "jar transforms Thread 163" [_thread_blocked, id=6604, stack(0x0000000028840000,0x0000000028940000)]
  0x0000000021103000 JavaThread "jar transforms Thread 162" [_thread_blocked, id=8388, stack(0x0000000028740000,0x0000000028840000)]
  0x0000000021103800 JavaThread "jar transforms Thread 161" [_thread_blocked, id=13044, stack(0x0000000028640000,0x0000000028740000)]
  0x0000000021104800 JavaThread "jar transforms Thread 160" [_thread_blocked, id=3864, stack(0x0000000028540000,0x0000000028640000)]
  0x0000000021101800 JavaThread "jar transforms Thread 159" [_thread_blocked, id=10924, stack(0x0000000028440000,0x0000000028540000)]
  0x0000000021102000 JavaThread "jar transforms Thread 158" [_thread_blocked, id=3296, stack(0x0000000028340000,0x0000000028440000)]
  0x0000000021108000 JavaThread "jar transforms Thread 157" [_thread_blocked, id=10168, stack(0x0000000028240000,0x0000000028340000)]
  0x0000000021107800 JavaThread "jar transforms Thread 156" [_thread_blocked, id=5264, stack(0x0000000028140000,0x0000000028240000)]
  0x0000000021100800 JavaThread "jar transforms Thread 155" [_thread_blocked, id=4148, stack(0x0000000028040000,0x0000000028140000)]
  0x0000000021100000 JavaThread "jar transforms Thread 154" [_thread_blocked, id=8588, stack(0x0000000027f40000,0x0000000028040000)]
  0x0000000021106800 JavaThread "jar transforms Thread 153" [_thread_blocked, id=10436, stack(0x0000000027e40000,0x0000000027f40000)]
  0x000000001b16c800 JavaThread "jar transforms Thread 152" [_thread_blocked, id=3832, stack(0x0000000027d40000,0x0000000027e40000)]
  0x000000001b16c000 JavaThread "jar transforms Thread 151" [_thread_blocked, id=2512, stack(0x0000000027c40000,0x0000000027d40000)]
  0x000000001b16d800 JavaThread "jar transforms Thread 150" [_thread_blocked, id=12652, stack(0x0000000027b40000,0x0000000027c40000)]
  0x000000001b16b000 JavaThread "jar transforms Thread 149" [_thread_blocked, id=672, stack(0x0000000027a40000,0x0000000027b40000)]
  0x000000001b163800 JavaThread "jar transforms Thread 148" [_thread_blocked, id=10052, stack(0x0000000027940000,0x0000000027a40000)]
  0x000000001b16a800 JavaThread "jar transforms Thread 147" [_thread_blocked, id=9880, stack(0x0000000027840000,0x0000000027940000)]
  0x000000001b168000 JavaThread "jar transforms Thread 146" [_thread_blocked, id=11900, stack(0x0000000027740000,0x0000000027840000)]
  0x000000001b166800 JavaThread "jar transforms Thread 145" [_thread_blocked, id=9504, stack(0x0000000027640000,0x0000000027740000)]
  0x000000001b167800 JavaThread "jar transforms Thread 144" [_thread_blocked, id=11612, stack(0x0000000027540000,0x0000000027640000)]
  0x000000001b166000 JavaThread "jar transforms Thread 143" [_thread_blocked, id=12840, stack(0x0000000027440000,0x0000000027540000)]
  0x000000001b169000 JavaThread "jar transforms Thread 142" [_thread_blocked, id=13060, stack(0x0000000027340000,0x0000000027440000)]
  0x000000001b164800 JavaThread "jar transforms Thread 141" [_thread_blocked, id=6436, stack(0x0000000027240000,0x0000000027340000)]
  0x000000001b169800 JavaThread "jar transforms Thread 140" [_thread_blocked, id=1176, stack(0x0000000027140000,0x0000000027240000)]
  0x000000001b165000 JavaThread "jar transforms Thread 139" [_thread_blocked, id=12036, stack(0x0000000027040000,0x0000000027140000)]
  0x000000001b15e800 JavaThread "jar transforms Thread 138" [_thread_blocked, id=688, stack(0x0000000026f40000,0x0000000027040000)]
  0x000000001b162000 JavaThread "jar transforms Thread 137" [_thread_blocked, id=12704, stack(0x0000000026e40000,0x0000000026f40000)]
  0x000000001b163000 JavaThread "jar transforms Thread 136" [_thread_blocked, id=1984, stack(0x0000000026d40000,0x0000000026e40000)]
  0x000000001b161800 JavaThread "jar transforms Thread 135" [_thread_blocked, id=12684, stack(0x0000000026c40000,0x0000000026d40000)]
  0x000000001b160800 JavaThread "jar transforms Thread 134" [_thread_blocked, id=8864, stack(0x0000000026b40000,0x0000000026c40000)]
  0x000000001b15f000 JavaThread "jar transforms Thread 133" [_thread_blocked, id=3472, stack(0x0000000026a40000,0x0000000026b40000)]
  0x000000001b160000 JavaThread "jar transforms Thread 132" [_thread_blocked, id=12892, stack(0x0000000026940000,0x0000000026a40000)]
  0x000000001c163800 JavaThread "jar transforms Thread 131" [_thread_blocked, id=6880, stack(0x0000000026840000,0x0000000026940000)]
  0x000000001c163000 JavaThread "jar transforms Thread 130" [_thread_blocked, id=144, stack(0x0000000026740000,0x0000000026840000)]
  0x000000001c169800 JavaThread "jar transforms Thread 129" [_thread_blocked, id=12784, stack(0x0000000026640000,0x0000000026740000)]
  0x000000001c167800 JavaThread "jar transforms Thread 128" [_thread_blocked, id=12032, stack(0x0000000026540000,0x0000000026640000)]
  0x000000001c166000 JavaThread "jar transforms Thread 127" [_thread_blocked, id=3476, stack(0x0000000026440000,0x0000000026540000)]
  0x0000000022727800 JavaThread "jar transforms Thread 126" [_thread_blocked, id=9684, stack(0x0000000026340000,0x0000000026440000)]
  0x000000002271f800 JavaThread "jar transforms Thread 125" [_thread_blocked, id=2988, stack(0x0000000026240000,0x0000000026340000)]
  0x0000000022723000 JavaThread "jar transforms Thread 124" [_thread_blocked, id=9524, stack(0x0000000026140000,0x0000000026240000)]
  0x0000000022721800 JavaThread "jar transforms Thread 123" [_thread_blocked, id=7724, stack(0x0000000026040000,0x0000000026140000)]
  0x000000002271e800 JavaThread "jar transforms Thread 122" [_thread_blocked, id=8088, stack(0x0000000025f40000,0x0000000026040000)]
  0x0000000022724800 JavaThread "jar transforms Thread 121" [_thread_blocked, id=32, stack(0x0000000025e40000,0x0000000025f40000)]
  0x000000002271a000 JavaThread "jar transforms Thread 120" [_thread_blocked, id=11500, stack(0x0000000025d40000,0x0000000025e40000)]
  0x000000002056f000 JavaThread "jar transforms Thread 119" [_thread_blocked, id=7200, stack(0x0000000025c40000,0x0000000025d40000)]
  0x0000000020575000 JavaThread "jar transforms Thread 118" [_thread_blocked, id=2156, stack(0x0000000025b40000,0x0000000025c40000)]
  0x000000002056f800 JavaThread "jar transforms Thread 117" [_thread_blocked, id=8152, stack(0x0000000025a40000,0x0000000025b40000)]
  0x000000002056e000 JavaThread "jar transforms Thread 116" [_thread_blocked, id=8176, stack(0x0000000025940000,0x0000000025a40000)]
  0x000000002056d800 JavaThread "jar transforms Thread 115" [_thread_blocked, id=5860, stack(0x0000000025840000,0x0000000025940000)]
  0x0000000020574000 JavaThread "jar transforms Thread 114" [_thread_blocked, id=10276, stack(0x0000000025740000,0x0000000025840000)]
  0x0000000020572800 JavaThread "jar transforms Thread 113" [_thread_blocked, id=4044, stack(0x0000000025640000,0x0000000025740000)]
  0x000000002056a800 JavaThread "jar transforms Thread 112" [_thread_blocked, id=11444, stack(0x0000000025540000,0x0000000025640000)]
  0x000000002056b000 JavaThread "jar transforms Thread 111" [_thread_blocked, id=7300, stack(0x0000000025440000,0x0000000025540000)]
  0x0000000020571000 JavaThread "jar transforms Thread 110" [_thread_blocked, id=13208, stack(0x0000000025340000,0x0000000025440000)]
  0x000000002056c800 JavaThread "jar transforms Thread 109" [_thread_blocked, id=12400, stack(0x0000000025240000,0x0000000025340000)]
  0x000000001c4ae000 JavaThread "jar transforms Thread 108" [_thread_blocked, id=4672, stack(0x0000000025140000,0x0000000025240000)]
  0x000000001c4ac800 JavaThread "jar transforms Thread 107" [_thread_blocked, id=6020, stack(0x0000000025040000,0x0000000025140000)]
  0x000000001c4ab000 JavaThread "jar transforms Thread 106" [_thread_blocked, id=7152, stack(0x0000000024f40000,0x0000000025040000)]
  0x000000001c4ad800 JavaThread "jar transforms Thread 105" [_thread_blocked, id=13048, stack(0x0000000024e40000,0x0000000024f40000)]
  0x000000001c4ac000 JavaThread "jar transforms Thread 104" [_thread_blocked, id=2032, stack(0x0000000024d40000,0x0000000024e40000)]
  0x000000001c4a5000 JavaThread "jar transforms Thread 103" [_thread_blocked, id=3332, stack(0x0000000024c40000,0x0000000024d40000)]
  0x000000001c4a9800 JavaThread "jar transforms Thread 102" [_thread_blocked, id=13064, stack(0x0000000024b40000,0x0000000024c40000)]
  0x000000001c4a8000 JavaThread "jar transforms Thread 101" [_thread_blocked, id=9388, stack(0x0000000024940000,0x0000000024a40000)]
  0x000000001c4a9000 JavaThread "jar transforms Thread 100" [_thread_blocked, id=2284, stack(0x0000000024840000,0x0000000024940000)]
  0x000000001c4a4800 JavaThread "jar transforms Thread 99" [_thread_blocked, id=12980, stack(0x0000000024740000,0x0000000024840000)]
  0x000000001c4a3800 JavaThread "jar transforms Thread 98" [_thread_blocked, id=9924, stack(0x0000000024640000,0x0000000024740000)]
  0x000000001c4aa800 JavaThread "jar transforms Thread 97" [_thread_blocked, id=10800, stack(0x0000000024540000,0x0000000024640000)]
  0x000000001c4a2000 JavaThread "jar transforms Thread 96" [_thread_blocked, id=5888, stack(0x0000000024440000,0x0000000024540000)]
  0x000000001c4a6000 JavaThread "jar transforms Thread 95" [_thread_blocked, id=8852, stack(0x0000000024340000,0x0000000024440000)]
  0x00000000216df000 JavaThread "Daemon worker Thread 2" [_thread_in_Java, id=4496, stack(0x000000001cfc0000,0x000000001d0c0000)]
  0x00000000216e0000 JavaThread "Daemon Thread 2" [_thread_blocked, id=3740, stack(0x0000000000650000,0x0000000000750000)]
  0x0000000022724000 JavaThread "Cache worker for Java compile cache (C:\Users\hieub\.gradle\caches\6.5\javaCompile)" [_thread_blocked, id=232, stack(0x000000002f420000,0x000000002f520000)]
  0x000000002271b800 JavaThread "Memory manager" [_thread_blocked, id=10812, stack(0x0000000024a40000,0x0000000024b40000)]
  0x000000001c168000 JavaThread "Cache worker for file content cache (C:\Users\hieub\.gradle\caches\6.5\fileContent)" [_thread_blocked, id=12128, stack(0x0000000023630000,0x0000000023730000)]
  0x000000001c166800 JavaThread "Cache worker for execution history cache (C:\Users\hieub\.gradle\caches\6.5\executionHistory)" [_thread_blocked, id=4600, stack(0x0000000020bb0000,0x0000000020cb0000)]
  0x000000001c164800 JavaThread "Cache worker for file hash cache (C:\Users\hieub\.gradle\caches\6.5\fileHashes)" [_thread_blocked, id=6652, stack(0x000000001e300000,0x000000001e400000)]
  0x000000001c165000 JavaThread "File lock request listener" [_thread_in_native, id=10500, stack(0x000000001e200000,0x000000001e300000)]
  0x000000001c06f000 JavaThread "Cache worker for journal cache (C:\Users\hieub\.gradle\caches\journal-1)" [_thread_blocked, id=1916, stack(0x000000001e100000,0x000000001e200000)]
  0x000000001bf31000 JavaThread "Daemon periodic checks" [_thread_blocked, id=5724, stack(0x000000001d400000,0x000000001d500000)]
  0x000000001bf25800 JavaThread "Incoming local TCP Connector on port 54028" [_thread_in_native, id=9600, stack(0x000000001d1c0000,0x000000001d2c0000)]
  0x000000001bfb1800 JavaThread "Daemon health stats" [_thread_blocked, id=5824, stack(0x000000001b990000,0x000000001ba90000)]
  0x0000000019386800 JavaThread "Service Thread" daemon [_thread_blocked, id=13140, stack(0x0000000019fc0000,0x000000001a0c0000)]
  0x00000000192fc000 JavaThread "C1 CompilerThread3" daemon [_thread_blocked, id=3024, stack(0x0000000019ec0000,0x0000000019fc0000)]
  0x00000000192f8000 JavaThread "C2 CompilerThread2" daemon [_thread_in_vm, id=2860, stack(0x0000000019dc0000,0x0000000019ec0000)]
  0x00000000192f5000 JavaThread "C2 CompilerThread1" daemon [_thread_in_native, id=2980, stack(0x0000000019cc0000,0x0000000019dc0000)]
=>0x00000000192f1000 JavaThread "C2 CompilerThread0" daemon [_thread_in_native, id=3052, stack(0x0000000019bc0000,0x0000000019cc0000)]
  0x00000000192f0000 JavaThread "Attach Listener" daemon [_thread_blocked, id=8332, stack(0x0000000019ac0000,0x0000000019bc0000)]
  0x00000000192ef000 JavaThread "Signal Dispatcher" daemon [_thread_blocked, id=10692, stack(0x00000000199c0000,0x0000000019ac0000)]
  0x00000000192e1800 JavaThread "Finalizer" daemon [_thread_blocked, id=10472, stack(0x00000000197c0000,0x00000000198c0000)]
  0x00000000192e0800 JavaThread "Reference Handler" daemon [_thread_blocked, id=11240, stack(0x00000000196c0000,0x00000000197c0000)]
  0x0000000002362800 JavaThread "main" [_thread_blocked, id=12664, stack(0x0000000002260000,0x0000000002360000)]

Other Threads:
  0x00000000174c8800 VMThread [stack: 0x00000000191c0000,0x00000000192c0000] [id=8480]
  0x0000000019387000 WatcherThread [stack: 0x000000001a0c0000,0x000000001a1c0000] [id=5316]

VM state:not at safepoint (normal execution)

VM Mutex/Monitor currently owned by a thread: None

heap address: 0x0000000080000000, size: 2048 MB, Compressed Oops mode: 32-bit
Narrow klass base: 0x0000000000000000, Narrow klass shift: 3
Compressed class space size: 1073741824 Address: 0x0000000100000000

Heap:
 PSYoungGen      total 556544K, used 395524K [0x00000000d5580000, 0x0000000100000000, 0x0000000100000000)
  eden space 463872K, 71% used [0x00000000d5580000,0x00000000e9aacd88,0x00000000f1a80000)
  from space 92672K, 67% used [0x00000000f1a80000,0x00000000f5794488,0x00000000f7500000)
  to   space 98304K, 0% used [0x00000000fa000000,0x00000000fa000000,0x0000000100000000)
 ParOldGen       total 348160K, used 213781K [0x0000000080000000, 0x0000000095400000, 0x00000000d5580000)
  object space 348160K, 61% used [0x0000000080000000,0x000000008d0c54f0,0x0000000095400000)
 Metaspace       used 97024K, capacity 102116K, committed 102424K, reserved 1138688K
  class space    used 12610K, capacity 13516K, committed 13616K, reserved 1048576K

Card table byte_map: [0x0000000011820000,0x0000000011c30000] byte_map_base: 0x0000000011420000

Marking Bits: (ParMarkBitMap*) 0x000000006402f030
 Begin Bits: [0x00000000126e0000, 0x00000000146e0000)
 End Bits:   [0x00000000146e0000, 0x00000000166e0000)

Polling page: 0x0000000002160000

CodeCache: size=245760Kb used=56885Kb max_used=56885Kb free=188875Kb
 bounds [0x0000000002460000, 0x0000000005c40000, 0x0000000011460000]
 total_blobs=17359 nmethods=16480 adapters=788
 compilation: enabled

Compilation events (10 events):
Event: 280.620 Thread 0x00000000192fc000 nmethod 21070 0x0000000005c296d0 code [0x0000000005c29840, 0x0000000005c29a68]
Event: 280.620 Thread 0x00000000192fc000 21071       3       java.lang.ProcessEnvironment$CheckedEntrySet$1::next (5 bytes)
Event: 280.620 Thread 0x00000000192fc000 nmethod 21071 0x0000000005c28e90 code [0x0000000005c29020, 0x0000000005c294e8]
Event: 280.620 Thread 0x00000000192fc000 21072       3       java.lang.ProcessEnvironment$CheckedEntrySet$1::next (20 bytes)
Event: 280.621 Thread 0x00000000192fc000 nmethod 21072 0x0000000005c2d090 code [0x0000000005c2d220, 0x0000000005c2d668]
Event: 280.621 Thread 0x00000000192fc000 21073       3       java.lang.ProcessEnvironment$CheckedEntry::<init> (10 bytes)
Event: 280.621 Thread 0x00000000192fc000 nmethod 21073 0x0000000005c2ccd0 code [0x0000000005c2ce20, 0x0000000005c2cff0]
Event: 280.621 Thread 0x00000000192fc000 21074       3       java.lang.ProcessEnvironment$CheckedEntry::getKey (5 bytes)
Event: 280.622 Thread 0x00000000192fc000 nmethod 21074 0x0000000005c2c6d0 code [0x0000000005c2c840, 0x0000000005c2cba8]
Event: 280.628 Thread 0x00000000192fc000 21075   !   3       org.gradle.internal.FileUtils::canonicalize (15 bytes)

GC Heap History (10 events):
Event: 21.161 GC heap before
{Heap before GC invocations=20 (full 4):
 PSYoungGen      total 368128K, used 342528K [0x00000000d5580000, 0x00000000f4500000, 0x0000000100000000)
  eden space 342528K, 100% used [0x00000000d5580000,0x00000000ea400000,0x00000000ea400000)
  from space 25600K, 0% used [0x00000000ea400000,0x00000000ea400000,0x00000000ebd00000)
  to   space 37888K, 0% used [0x00000000f2000000,0x00000000f2000000,0x00000000f4500000)
 ParOldGen       total 180224K, used 88065K [0x0000000080000000, 0x000000008b000000, 0x00000000d5580000)
  object space 180224K, 48% used [0x0000000080000000,0x00000000856006d8,0x000000008b000000)
 Metaspace       used 82893K, capacity 87302K, committed 87320K, reserved 1124352K
  class space    used 11260K, capacity 12066K, committed 12080K, reserved 1048576K
Event: 21.373 GC heap after
Heap after GC invocations=20 (full 4):
 PSYoungGen      total 451072K, used 37873K [0x00000000d5580000, 0x00000000f7900000, 0x0000000100000000)
  eden space 413184K, 0% used [0x00000000d5580000,0x00000000d5580000,0x00000000ee900000)
  from space 37888K, 99% used [0x00000000f2000000,0x00000000f44fc508,0x00000000f4500000)
  to   space 56320K, 0% used [0x00000000ee900000,0x00000000ee900000,0x00000000f2000000)
 ParOldGen       total 180224K, used 120094K [0x0000000080000000, 0x000000008b000000, 0x00000000d5580000)
  object space 180224K, 66% used [0x0000000080000000,0x00000000875479f8,0x000000008b000000)
 Metaspace       used 82893K, capacity 87302K, committed 87320K, reserved 1124352K
  class space    used 11260K, capacity 12066K, committed 12080K, reserved 1048576K
}
Event: 25.401 GC heap before
{Heap before GC invocations=21 (full 4):
 PSYoungGen      total 451072K, used 451057K [0x00000000d5580000, 0x00000000f7900000, 0x0000000100000000)
  eden space 413184K, 100% used [0x00000000d5580000,0x00000000ee900000,0x00000000ee900000)
  from space 37888K, 99% used [0x00000000f2000000,0x00000000f44fc508,0x00000000f4500000)
  to   space 56320K, 0% used [0x00000000ee900000,0x00000000ee900000,0x00000000f2000000)
 ParOldGen       total 180224K, used 120094K [0x0000000080000000, 0x000000008b000000, 0x00000000d5580000)
  object space 180224K, 66% used [0x0000000080000000,0x00000000875479f8,0x000000008b000000)
 Metaspace       used 83214K, capacity 87598K, committed 87832K, reserved 1124352K
  class space    used 11268K, capacity 12070K, committed 12080K, reserved 1048576K
Event: 25.975 GC heap after
Heap after GC invocations=21 (full 4):
 PSYoungGen      total 469504K, used 56316K [0x00000000d5580000, 0x0000000100000000, 0x0000000100000000)
  eden space 413184K, 0% used [0x00000000d5580000,0x00000000d5580000,0x00000000ee900000)
  from space 56320K, 99% used [0x00000000ee900000,0x00000000f1fff2d0,0x00000000f2000000)
  to   space 97280K, 0% used [0x00000000fa100000,0x00000000fa100000,0x0000000100000000)
 ParOldGen       total 204288K, used 203790K [0x0000000080000000, 0x000000008c780000, 0x00000000d5580000)
  object space 204288K, 99% used [0x0000000080000000,0x000000008c703b48,0x000000008c780000)
 Metaspace       used 83214K, capacity 87598K, committed 87832K, reserved 1124352K
  class space    used 11268K, capacity 12070K, committed 12080K, reserved 1048576K
}
Event: 25.975 GC heap before
{Heap before GC invocations=22 (full 5):
 PSYoungGen      total 469504K, used 56316K [0x00000000d5580000, 0x0000000100000000, 0x0000000100000000)
  eden space 413184K, 0% used [0x00000000d5580000,0x00000000d5580000,0x00000000ee900000)
  from space 56320K, 99% used [0x00000000ee900000,0x00000000f1fff2d0,0x00000000f2000000)
  to   space 97280K, 0% used [0x00000000fa100000,0x00000000fa100000,0x0000000100000000)
 ParOldGen       total 204288K, used 203790K [0x0000000080000000, 0x000000008c780000, 0x00000000d5580000)
  object space 204288K, 99% used [0x0000000080000000,0x000000008c703b48,0x000000008c780000)
 Metaspace       used 83214K, capacity 87598K, committed 87832K, reserved 1124352K
  class space    used 11268K, capacity 12070K, committed 12080K, reserved 1048576K
Event: 29.426 GC heap after
Heap after GC invocations=22 (full 5):
 PSYoungGen      total 469504K, used 5042K [0x00000000d5580000, 0x0000000100000000, 0x0000000100000000)
  eden space 413184K, 0% used [0x00000000d5580000,0x00000000d5580000,0x00000000ee900000)
  from space 56320K, 8% used [0x00000000ee900000,0x00000000eedec8c0,0x00000000f2000000)
  to   space 97280K, 0% used [0x00000000fa100000,0x00000000fa100000,0x0000000100000000)
 ParOldGen       total 348160K, used 203900K [0x0000000080000000, 0x0000000095400000, 0x00000000d5580000)
  object space 348160K, 58% used [0x0000000080000000,0x000000008c71f300,0x0000000095400000)
 Metaspace       used 83172K, capacity 87490K, committed 87832K, reserved 1124352K
  class space    used 11253K, capacity 12042K, committed 12080K, reserved 1048576K
}
Event: 61.021 GC heap before
{Heap before GC invocations=23 (full 5):
 PSYoungGen      total 469504K, used 418226K [0x00000000d5580000, 0x0000000100000000, 0x0000000100000000)
  eden space 413184K, 100% used [0x00000000d5580000,0x00000000ee900000,0x00000000ee900000)
  from space 56320K, 8% used [0x00000000ee900000,0x00000000eedec8c0,0x00000000f2000000)
  to   space 97280K, 0% used [0x00000000fa100000,0x00000000fa100000,0x0000000100000000)
 ParOldGen       total 348160K, used 203900K [0x0000000080000000, 0x0000000095400000, 0x00000000d5580000)
  object space 348160K, 58% used [0x0000000080000000,0x000000008c71f300,0x0000000095400000)
 Metaspace       used 87161K, capacity 91700K, committed 92056K, reserved 1128448K
  class space    used 11526K, capacity 12339K, committed 12464K, reserved 1048576K
Event: 61.071 GC heap after
Heap after GC invocations=23 (full 5):
 PSYoungGen      total 511488K, used 20533K [0x00000000d5580000, 0x00000000fcf80000, 0x0000000100000000)
  eden space 463872K, 0% used [0x00000000d5580000,0x00000000d5580000,0x00000000f1a80000)
  from space 47616K, 43% used [0x00000000fa100000,0x00000000fb50d5e0,0x00000000fcf80000)
  to   space 92672K, 0% used [0x00000000f1a80000,0x00000000f1a80000,0x00000000f7500000)
 ParOldGen       total 348160K, used 209006K [0x0000000080000000, 0x0000000095400000, 0x00000000d5580000)
  object space 348160K, 60% used [0x0000000080000000,0x000000008cc1bb78,0x0000000095400000)
 Metaspace       used 87161K, capacity 91700K, committed 92056K, reserved 1128448K
  class space    used 11526K, capacity 12339K, committed 12464K, reserved 1048576K
}
Event: 71.877 GC heap before
{Heap before GC invocations=24 (full 5):
 PSYoungGen      total 511488K, used 482502K [0x00000000d5580000, 0x00000000fcf80000, 0x0000000100000000)
  eden space 463872K, 99% used [0x00000000d5580000,0x00000000f18a44a8,0x00000000f1a80000)
  from space 47616K, 43% used [0x00000000fa100000,0x00000000fb50d5e0,0x00000000fcf80000)
  to   space 92672K, 0% used [0x00000000f1a80000,0x00000000f1a80000,0x00000000f7500000)
 ParOldGen       total 348160K, used 213765K [0x0000000080000000, 0x0000000095400000, 0x00000000d5580000)
  object space 348160K, 61% used [0x0000000080000000,0x000000008d0c14f0,0x0000000095400000)
 Metaspace       used 96087K, capacity 100982K, committed 101272K, reserved 1136640K
  class space    used 12534K, capacity 13431K, committed 13488K, reserved 1048576K
Event: 71.930 GC heap after
Heap after GC invocations=24 (full 5):
 PSYoungGen      total 556544K, used 62545K [0x00000000d5580000, 0x0000000100000000, 0x0000000100000000)
  eden space 463872K, 0% used [0x00000000d5580000,0x00000000d5580000,0x00000000f1a80000)
  from space 92672K, 67% used [0x00000000f1a80000,0x00000000f5794488,0x00000000f7500000)
  to   space 98304K, 0% used [0x00000000fa000000,0x00000000fa000000,0x0000000100000000)
 ParOldGen       total 348160K, used 213781K [0x0000000080000000, 0x0000000095400000, 0x00000000d5580000)
  object space 348160K, 61% used [0x0000000080000000,0x000000008d0c54f0,0x0000000095400000)
 Metaspace       used 96087K, capacity 100982K, committed 101272K, reserved 1136640K
  class space    used 12534K, capacity 13431K, committed 13488K, reserved 1048576K
}

Deoptimization events (10 events):
Event: 241.075 Thread 0x00000000216df000 Uncommon trap: reason=bimorphic action=maybe_recompile pc=0x00000000051473e4 method=com.google.common.collect.Lists.indexOfRandomAccess(Ljava/util/List;Ljava/lang/Object;)I @ 54
Event: 241.078 Thread 0x00000000216df000 Uncommon trap: reason=bimorphic action=maybe_recompile pc=0x00000000051473e4 method=com.google.common.collect.Lists.indexOfRandomAccess(Ljava/util/List;Ljava/lang/Object;)I @ 54
Event: 241.081 Thread 0x00000000216df000 Uncommon trap: reason=bimorphic action=maybe_recompile pc=0x00000000051430b0 method=com.google.common.collect.Lists.indexOfRandomAccess(Ljava/util/List;Ljava/lang/Object;)I @ 54
Event: 241.172 Thread 0x00000000216df000 Uncommon trap: reason=speculate_class_check action=maybe_recompile pc=0x0000000003ec34c0 method=com.sun.org.apache.xerces.internal.dom.ElementImpl.getNodeName()Ljava/lang/String; @ 8
Event: 241.196 Thread 0x00000000216df000 Uncommon trap: reason=class_check action=maybe_recompile pc=0x00000000029626d8 method=com.android.manifmerger.XmlNode$NamespaceAwareName.equals(Ljava/lang/Object;)Z @ 1
Event: 241.196 Thread 0x00000000216df000 Uncommon trap: reason=class_check action=maybe_recompile pc=0x00000000029626d8 method=com.android.manifmerger.XmlNode$NamespaceAwareName.equals(Ljava/lang/Object;)Z @ 1
Event: 246.965 Thread 0x000000001b033800 Uncommon trap: reason=array_check action=maybe_recompile pc=0x00000000053eaaa0 method=com.google.common.collect.RegularImmutableMap.fromEntryArray(I[Ljava/util/Map$Entry;)Lcom/google/common/collect/ImmutableMap; @ 157
Event: 246.965 Thread 0x000000001b033800 Uncommon trap: reason=array_check action=maybe_recompile pc=0x00000000053eaaa0 method=com.google.common.collect.RegularImmutableMap.fromEntryArray(I[Ljava/util/Map$Entry;)Lcom/google/common/collect/ImmutableMap; @ 157
Event: 247.119 Thread 0x000000001b030000 Uncommon trap: reason=class_check action=maybe_recompile pc=0x00000000032eb274 method=org.gradle.internal.fingerprint.classpath.impl.ClasspathFingerprintingStrategy$ClasspathContentFingerprintingVisitor.visitFile(Lorg/gradle/internal/snapshot/CompleteFile
Event: 280.609 Thread 0x000000001b036800 Uncommon trap: reason=unstable_if action=reinterpret pc=0x0000000003000428 method=org.gradle.internal.logging.console.BuildLogLevelFilterRenderer.onOutput(Lorg/gradle/internal/logging/events/OutputEvent;)V @ 18

Classes redefined (0 events):
No events

Internal exceptions (10 events):
Event: 241.333 Thread 0x000000001b030000 Exception <a 'sun/nio/fs/WindowsException'> (0x00000000e0618fc0) thrown at [C:\src\AOSP-openjdk-git\hotspot\src\share\vm\prims\jni.cpp, line 710]
Event: 247.012 Thread 0x000000001b033800 Exception <a 'sun/nio/fs/WindowsException'> (0x00000000e646b450) thrown at [C:\src\AOSP-openjdk-git\hotspot\src\share\vm\prims\jni.cpp, line 710]
Event: 247.012 Thread 0x000000001b033800 Exception <a 'sun/nio/fs/WindowsException'> (0x00000000e646bd80) thrown at [C:\src\AOSP-openjdk-git\hotspot\src\share\vm\prims\jni.cpp, line 710]
Event: 247.012 Thread 0x000000001b033800 Exception <a 'sun/nio/fs/WindowsException'> (0x00000000e646c228) thrown at [C:\src\AOSP-openjdk-git\hotspot\src\share\vm\prims\jni.cpp, line 710]
Event: 247.098 Thread 0x0000000022726000 Exception <a 'sun/nio/fs/WindowsException'> (0x00000000e8af89c8) thrown at [C:\src\AOSP-openjdk-git\hotspot\src\share\vm\prims\jni.cpp, line 710]
Event: 247.098 Thread 0x0000000022726000 Exception <a 'sun/nio/fs/WindowsException'> (0x00000000e8af9700) thrown at [C:\src\AOSP-openjdk-git\hotspot\src\share\vm\prims\jni.cpp, line 710]
Event: 247.099 Thread 0x0000000022726000 Exception <a 'sun/nio/fs/WindowsException'> (0x00000000e8b01638) thrown at [C:\src\AOSP-openjdk-git\hotspot\src\share\vm\prims\jni.cpp, line 710]
Event: 247.099 Thread 0x0000000022726000 Exception <a 'sun/nio/fs/WindowsException'> (0x00000000e8b023b8) thrown at [C:\src\AOSP-openjdk-git\hotspot\src\share\vm\prims\jni.cpp, line 710]
Event: 247.099 Thread 0x0000000022726000 Exception <a 'sun/nio/fs/WindowsException'> (0x00000000e8b04338) thrown at [C:\src\AOSP-openjdk-git\hotspot\src\share\vm\prims\jni.cpp, line 710]
Event: 247.099 Thread 0x0000000022726000 Exception <a 'sun/nio/fs/WindowsException'> (0x00000000e8b050c8) thrown at [C:\src\AOSP-openjdk-git\hotspot\src\share\vm\prims\jni.cpp, line 710]

Events (10 events):
Event: 280.608 Thread 0x000000001b02f000 Thread added: 0x000000001b02f000
Event: 280.608 Thread 0x000000001b036800 Thread added: 0x000000001b036800
Event: 280.609 Thread 0x000000001b031800 Thread added: 0x000000001b031800
Event: 280.609 Thread 0x000000001b036800 Uncommon trap: trap_request=0xffffff65 fr.pc=0x0000000003000428
Event: 280.609 Thread 0x000000001b036800 DEOPT PACKING pc=0x0000000003000428 sp=0x000000001d7fe910
Event: 280.609 Thread 0x000000001b036800 DEOPT UNPACKING pc=0x00000000024a557b sp=0x000000001d7fe8e0 mode 2
Event: 280.614 Thread 0x000000001b030000 Thread added: 0x000000001b030000
Event: 280.622 Thread 0x000000001b033000 Thread added: 0x000000001b033000
Event: 280.624 Thread 0x000000001b039000 Thread added: 0x000000001b039000
Event: 280.628 Thread 0x000000001b037800 Thread added: 0x000000001b037800


Dynamic libraries:
0x00007ff6853b0000 - 0x00007ff6853e1000 	C:\Program Files\Android\Android Studio\jre\bin\java.exe
0x00007ffc68570000 - 0x00007ffc68766000 	C:\WINDOWS\SYSTEM32\ntdll.dll
0x00007ffc67430000 - 0x00007ffc674ed000 	C:\WINDOWS\System32\KERNEL32.DLL
0x00007ffc66300000 - 0x00007ffc665c8000 	C:\WINDOWS\System32\KERNELBASE.dll
0x00007ffc67380000 - 0x00007ffc6742c000 	C:\WINDOWS\System32\ADVAPI32.dll
0x00007ffc67130000 - 0x00007ffc671ce000 	C:\WINDOWS\System32\msvcrt.dll
0x00007ffc675a0000 - 0x00007ffc6763b000 	C:\WINDOWS\System32\sechost.dll
0x00007ffc665d0000 - 0x00007ffc666f4000 	C:\WINDOWS\System32\RPCRT4.dll
0x00007ffc68390000 - 0x00007ffc68530000 	C:\WINDOWS\System32\USER32.dll
0x00007ffc65ce0000 - 0x00007ffc65d02000 	C:\WINDOWS\System32\win32u.dll
0x00007ffc67640000 - 0x00007ffc6766a000 	C:\WINDOWS\System32\GDI32.dll
0x00007ffc661f0000 - 0x00007ffc662f9000 	C:\WINDOWS\System32\gdi32full.dll
0x00007ffc65d60000 - 0x00007ffc65dfd000 	C:\WINDOWS\System32\msvcp_win.dll
0x00007ffc65e00000 - 0x00007ffc65f00000 	C:\WINDOWS\System32\ucrtbase.dll
0x00007ffc51fc0000 - 0x00007ffc5225b000 	C:\WINDOWS\WinSxS\amd64_microsoft.windows.common-controls_6595b64144ccf1df_6.0.19041.488_none_ca04af081b815d21\COMCTL32.dll
0x00007ffc66790000 - 0x00007ffc667c0000 	C:\WINDOWS\System32\IMM32.DLL
0x0000000063350000 - 0x0000000063422000 	C:\Program Files\Android\Android Studio\jre\jre\bin\msvcr100.dll
0x0000000063860000 - 0x00000000640ab000 	C:\Program Files\Android\Android Studio\jre\jre\bin\server\jvm.dll
0x00007ffc68380000 - 0x00007ffc68388000 	C:\WINDOWS\System32\PSAPI.DLL
0x00007ffc44910000 - 0x00007ffc44937000 	C:\WINDOWS\SYSTEM32\WINMM.dll
0x00007ffc5eaa0000 - 0x00007ffc5eaaa000 	C:\WINDOWS\SYSTEM32\VERSION.dll
0x00007ffc50ed0000 - 0x00007ffc50ed9000 	C:\WINDOWS\SYSTEM32\WSOCK32.dll
0x00007ffc68310000 - 0x00007ffc6837b000 	C:\WINDOWS\System32\WS2_32.dll
0x00007ffc60ed0000 - 0x00007ffc60edf000 	C:\Program Files\Android\Android Studio\jre\jre\bin\verify.dll
0x00007ffc60ea0000 - 0x00007ffc60ec9000 	C:\Program Files\Android\Android Studio\jre\jre\bin\java.dll
0x00007ffc60e80000 - 0x00007ffc60e96000 	C:\Program Files\Android\Android Studio\jre\jre\bin\zip.dll
0x00007ffc669e0000 - 0x00007ffc67121000 	C:\WINDOWS\System32\SHELL32.dll
0x00007ffc63de0000 - 0x00007ffc64575000 	C:\WINDOWS\SYSTEM32\windows.storage.dll
0x00007ffc67670000 - 0x00007ffc679c5000 	C:\WINDOWS\System32\combase.dll
0x00007ffc65720000 - 0x00007ffc6574c000 	C:\WINDOWS\SYSTEM32\Wldp.dll
0x00007ffc680c0000 - 0x00007ffc6816e000 	C:\WINDOWS\System32\SHCORE.dll
0x00007ffc668a0000 - 0x00007ffc668f5000 	C:\WINDOWS\System32\shlwapi.dll
0x00007ffc65be0000 - 0x00007ffc65c06000 	C:\WINDOWS\SYSTEM32\profapi.dll
0x00007ffc60df0000 - 0x00007ffc60e0a000 	C:\Program Files\Android\Android Studio\jre\jre\bin\net.dll
0x00007ffc654a0000 - 0x00007ffc6550a000 	C:\WINDOWS\system32\mswsock.dll
0x00007ffc60660000 - 0x00007ffc60673000 	C:\Program Files\Android\Android Studio\jre\jre\bin\nio.dll
0x00007ffc43880000 - 0x00007ffc438a7000 	C:\Users\hieub\.gradle\native\f6784746aeab05261644944871eae4fe03e0ef1612fff0a4a95f87b438bc6780\windows-amd64\native-platform.dll
0x00007ffc60e70000 - 0x00007ffc60e7d000 	C:\Program Files\Android\Android Studio\jre\jre\bin\management.dll
0x00007ffc65670000 - 0x00007ffc65688000 	C:\WINDOWS\SYSTEM32\CRYPTSP.dll
0x00007ffc64dc0000 - 0x00007ffc64df4000 	C:\WINDOWS\system32\rsaenh.dll
0x00007ffc65cb0000 - 0x00007ffc65cd7000 	C:\WINDOWS\System32\bcrypt.dll
0x00007ffc65ba0000 - 0x00007ffc65bce000 	C:\WINDOWS\SYSTEM32\USERENV.dll
0x00007ffc66060000 - 0x00007ffc660df000 	C:\WINDOWS\System32\bcryptprimitives.dll
0x00007ffc65690000 - 0x00007ffc6569c000 	C:\WINDOWS\SYSTEM32\CRYPTBASE.dll
0x00007ffc65140000 - 0x00007ffc6517b000 	C:\WINDOWS\SYSTEM32\IPHLPAPI.DLL
0x00007ffc68300000 - 0x00007ffc68308000 	C:\WINDOWS\System32\NSI.dll
0x00007ffc63210000 - 0x00007ffc63227000 	C:\WINDOWS\SYSTEM32\dhcpcsvc6.DLL
0x00007ffc63190000 - 0x00007ffc631ad000 	C:\WINDOWS\SYSTEM32\dhcpcsvc.DLL
0x00007ffc65190000 - 0x00007ffc6525b000 	C:\WINDOWS\SYSTEM32\DNSAPI.dll
0x00007ffc5ed90000 - 0x00007ffc5ed9b000 	C:\WINDOWS\SYSTEM32\WINNSI.DLL
0x00007ffc649f0000 - 0x00007ffc64a23000 	C:\WINDOWS\SYSTEM32\ntmarta.dll

VM Arguments:
jvm_args: -Xmx2048m -Dfile.encoding=UTF-8 -Duser.country=US -Duser.language=en -Duser.variant 
java_command: org.gradle.launcher.daemon.bootstrap.GradleDaemon 6.5
java_class_path (initial): C:\Users\hieub\.gradle\wrapper\dists\gradle-6.5-all\2oz4ud9k3tuxjg84bbf55q0tn\gradle-6.5\lib\gradle-launcher-6.5.jar
Launcher Type: SUN_STANDARD

Environment Variables:
PATH=C:\Python39\Scripts\;C:\Python39\;C:\Program Files\Microsoft MPI\Bin\;C:\Program Files (x86)\Common Files\Oracle\Java\javapath;C:\WINDOWS\system32;C:\WINDOWS;C:\WINDOWS\System32\Wbem;C:\WINDOWS\System32\WindowsPowerShell\v1.0\;C:\WINDOWS\System32\OpenSSH\;C:\Program Files\Java\jdk1.8.0_241\bin;C:\Program Files\dotnet\;C:\Program Files\Microsoft SQL Server\130\Tools\Binn\;C:\Program Files\Java\jre1.8.0_241\bin;C:\netbeans\java\maven\bin;C:\Program Files (x86)\Vim\vim82;C:\_P\Notepad++;C:\Program Files (x86)\NordVPN\;C:\Program Files (x86)\Microsoft SQL Server\110\Tools\Binn\;C:\Program Files\Microsoft SQL Server\110\Tools\Binn\;C:\Program Files\Microsoft SQL Server\110\DTS\Binn\;C:\Program Files (x86)\Microsoft SQL Server\110\Tools\Binn\ManagementStudio\;C:\Program Files (x86)\Microsoft SQL Server\110\DTS\Binn\;C:\Program Files\Git\cmd;C:\Users\hieub\AppData\Local\Microsoft\WindowsApps;C:\Users\hieub\AppData\Roaming\npm;C:\Users\hieub\Desktop;C:\Users\hieub\AppData\Local\Programs\Microsoft VS Code\bin;C:\Users\hieub\Ap;C:\Program Files\nodejs\;C:\ProgramData\chocolatey\bin;C:\Users\hieub\AppData\Local\Microsoft\WindowsApps;C:\Users\hieub\Desktop;C:\Users\hieub\AppData\Local\Programs\Microsoft VS Code\bin;C:\Users\hieub\AppData\Local\Android\Sdk\platform-tools;C:\Users\hieub\AppData\Roaming\npm;D:\SDK\platform-tools;
USERNAME=hieub
OS=Windows_NT
PROCESSOR_IDENTIFIER=Intel64 Family 6 Model 142 Stepping 10, GenuineIntel



---------------  S Y S T E M  ---------------

OS: Windows 10.0 , 64 bit Build 19041 (10.0.19041.546)

CPU:total 8 (initial active 8) (4 cores per cpu, 2 threads per core) family 6 model 142 stepping 10, cmov, cx8, fxsr, mmx, sse, sse2, sse3, ssse3, sse4.1, sse4.2, popcnt, avx, avx2, aes, clmul, erms, 3dnowpref, lzcnt, ht, tsc, tscinvbit, bmi1, bmi2, adx

Memory: 4k page, physical 8266124k(449888k free), swap 12167564k(1800k free)

vm_info: OpenJDK 64-Bit Server VM (25.242-b01) for windows-amd64 JRE (1.8.0_242-release-1644-b01), built by "builder" with MS VC++ 10.0 (VS2010)

time: Sat Nov 14 16:46:39 2020
timezone: SE Asia Standard Time
elapsed time: 280 seconds (0d 0h 4m 40s)

