#
# There is insufficient memory for the Java Runtime Environment to continue.
# Native memory allocation (malloc) failed to allocate 909776 bytes for Chunk::new
# Possible reasons:
#   The system is out of physical RAM or swap space
#   The process is running with CompressedOops enabled, and the Java Heap may be blocking the growth of the native heap
# Possible solutions:
#   Reduce memory load on the system
#   Increase physical memory or swap space
#   Check if swap backing store is full
#   Decrease Java heap size (-Xmx/-Xms)
#   Decrease number of Java threads
#   Decrease Java thread stack sizes (-Xss)
#   Set larger code cache with -XX:ReservedCodeCacheSize=
#   JVM is running with Unscaled Compressed Oops mode in which the Java heap is
#     placed in the first 4GB address space. The Java Heap base address is the
#     maximum limit for the native heap growth. Please use -XX:HeapBaseMinAddress
#     to set the Java Heap base and to place the Java Heap above 4GB virtual address.
# This output file may be truncated or incomplete.
#
#  Out of Memory Error (allocation.cpp:389), pid=9796, tid=0x0000000000003018
#
# JRE version: OpenJDK Runtime Environment (8.0_242-b01) (build 1.8.0_242-release-1644-b01)
# Java VM: OpenJDK 64-Bit Server VM (25.242-b01 mixed mode windows-amd64 compressed oops)
# Failed to write core dump. Minidumps are not enabled by default on client versions of Windows
#

---------------  T H R E A D  ---------------

Current thread (0x0000000019682800):  JavaThread "C2 CompilerThread0" daemon [_thread_in_native, id=12312, stack(0x0000000019f50000,0x000000001a050000)]

Stack: [0x0000000019f50000,0x000000001a050000]
[error occurred during error reporting (printing stack bounds), id 0xc0000005]

Native frames: (J=compiled Java code, j=interpreted, Vv=VM code, C=native code)


Current CompileTask:
C2:1613090 18974       4       com.android.ide.common.resources.ResourceMergerItem::getDetailsXml (9 bytes)


---------------  P R O C E S S  ---------------

Java Threads: ( => current thread )
  0x000000001c884800 JavaThread "stdout" [_thread_in_native, id=3048, stack(0x0000000034fc0000,0x00000000350c0000)]
  0x000000001c880800 JavaThread "stderr" [_thread_in_native, id=13244, stack(0x0000000034ec0000,0x0000000034fc0000)]
  0x000000001c880000 JavaThread "stdout" [_thread_in_native, id=14856, stack(0x0000000031780000,0x0000000031880000)]
  0x000000001c885000 JavaThread "stderr" [_thread_in_native, id=8300, stack(0x0000000031680000,0x0000000031780000)]
  0x000000001c881800 JavaThread "stdout" [_thread_in_native, id=6204, stack(0x0000000031580000,0x0000000031680000)]
  0x000000001c186800 JavaThread "stderr" [_thread_in_native, id=10948, stack(0x0000000031480000,0x0000000031580000)]
  0x000000001c18a000 JavaThread "stdout" [_thread_in_native, id=14836, stack(0x0000000031380000,0x0000000031480000)]
  0x000000001c18c800 JavaThread "stderr" [_thread_in_native, id=14860, stack(0x0000000031280000,0x0000000031380000)]
  0x00000000203e1000 JavaThread "WorkerExecutor Queue Thread 5" [_thread_blocked, id=14684, stack(0x0000000030780000,0x0000000030880000)]
  0x00000000203e0800 JavaThread "WorkerExecutor Queue Thread 4" [_thread_blocked, id=11228, stack(0x0000000030680000,0x0000000030780000)]
  0x00000000203df800 JavaThread "pool-11-thread-1" [_thread_blocked, id=5072, stack(0x0000000030580000,0x0000000030680000)]
  0x00000000203df000 JavaThread "WorkerExecutor Queue Thread 3" [_thread_blocked, id=6220, stack(0x0000000030480000,0x0000000030580000)]
  0x00000000203de000 JavaThread "WorkerExecutor Queue Thread 2" [_thread_blocked, id=6380, stack(0x000000002fd80000,0x000000002fe80000)]
  0x00000000203dd800 JavaThread "WorkerExecutor Queue" [_thread_blocked, id=14624, stack(0x000000002c270000,0x000000002c370000)]
  0x00000000203dc000 JavaThread "Cache worker for execution history cache (F:\Learn_code_on_College\Chuyen-de-di-dong\codeProject\Hotel_Booking_App_Of_Hotel\.gradle\6.5\executionHistory)" [_thread_blocked, id=3676, stack(0x000000002fc80000,0x000000002fd80000)]
  0x00000000203d4000 JavaThread "Execution worker for ':' Thread 7" [_thread_blocked, id=4404, stack(0x000000002f680000,0x000000002f780000)]
  0x00000000203da800 JavaThread "Execution worker for ':' Thread 6" [_thread_blocked, id=2840, stack(0x000000002f580000,0x000000002f680000)]
  0x00000000203d9800 JavaThread "Execution worker for ':' Thread 5" [_thread_blocked, id=13012, stack(0x000000002f480000,0x000000002f580000)]
  0x00000000203db000 JavaThread "Execution worker for ':' Thread 4" [_thread_blocked, id=8900, stack(0x000000002d970000,0x000000002da70000)]
  0x00000000203d9000 JavaThread "Execution worker for ':' Thread 3" [_thread_blocked, id=5652, stack(0x000000002d870000,0x000000002d970000)]
  0x00000000203d6000 JavaThread "Execution worker for ':' Thread 2" [_thread_blocked, id=5744, stack(0x000000002d770000,0x000000002d870000)]
  0x00000000203d3800 JavaThread "Execution worker for ':'" [_thread_in_native, id=9328, stack(0x000000002c630000,0x000000002c730000)]
  0x00000000203d8000 JavaThread "Cache worker for file content cache (F:\Learn_code_on_College\Chuyen-de-di-dong\codeProject\Hotel_Booking_App_Of_Hotel\.gradle\6.5\fileContent)" [_thread_blocked, id=7644, stack(0x000000002c170000,0x000000002c270000)]
  0x00000000203d2000 JavaThread "Cache worker for Build Output Cleanup Cache (F:\Learn_code_on_College\Chuyen-de-di-dong\codeProject\Hotel_Booking_App_Of_Hotel\.gradle\buildOutputCleanup)" [_thread_blocked, id=668, stack(0x000000002ba40000,0x000000002bb40000)]
  0x0000000023d38800 JavaThread "jar transforms Thread 376" [_thread_blocked, id=3028, stack(0x000000002b940000,0x000000002ba40000)]
  0x0000000023d3f800 JavaThread "jar transforms Thread 375" [_thread_blocked, id=8152, stack(0x000000002a920000,0x000000002aa20000)]
  0x0000000023d3e800 JavaThread "jar transforms Thread 374" [_thread_blocked, id=2796, stack(0x000000002a820000,0x000000002a920000)]
  0x0000000023d3c800 JavaThread "jar transforms Thread 373" [_thread_blocked, id=11084, stack(0x000000002a720000,0x000000002a820000)]
  0x0000000023d3b800 JavaThread "jar transforms Thread 372" [_thread_blocked, id=11776, stack(0x000000002a620000,0x000000002a720000)]
  0x0000000023d3a000 JavaThread "jar transforms Thread 371" [_thread_blocked, id=9224, stack(0x000000002a520000,0x000000002a620000)]
  0x0000000023d3e000 JavaThread "jar transforms Thread 370" [_thread_blocked, id=11660, stack(0x000000002a420000,0x000000002a520000)]
  0x0000000023d3d000 JavaThread "jar transforms Thread 369" [_thread_blocked, id=14100, stack(0x000000002a320000,0x000000002a420000)]
  0x0000000023d3b000 JavaThread "jar transforms Thread 368" [_thread_blocked, id=648, stack(0x000000002a220000,0x000000002a320000)]
  0x0000000023d32800 JavaThread "jar transforms Thread 367" [_thread_blocked, id=12648, stack(0x000000002a120000,0x000000002a220000)]
  0x0000000023d38000 JavaThread "jar transforms Thread 366" [_thread_blocked, id=14312, stack(0x000000002a020000,0x000000002a120000)]
  0x0000000023d37000 JavaThread "jar transforms Thread 365" [_thread_blocked, id=1228, stack(0x0000000029f20000,0x000000002a020000)]
  0x0000000023d35800 JavaThread "jar transforms Thread 364" [_thread_blocked, id=4924, stack(0x0000000029e20000,0x0000000029f20000)]
  0x0000000023d39800 JavaThread "jar transforms Thread 363" [_thread_blocked, id=9636, stack(0x0000000029d20000,0x0000000029e20000)]
  0x0000000023d33800 JavaThread "jar transforms Thread 362" [_thread_blocked, id=9804, stack(0x0000000029c20000,0x0000000029d20000)]
  0x0000000023d32000 JavaThread "jar transforms Thread 361" [_thread_blocked, id=7604, stack(0x0000000029b20000,0x0000000029c20000)]
  0x0000000023d31000 JavaThread "jar transforms Thread 360" [_thread_blocked, id=12316, stack(0x0000000029a20000,0x0000000029b20000)]
  0x000000001b66d800 JavaThread "jar transforms Thread 359" [_thread_blocked, id=14764, stack(0x0000000029920000,0x0000000029a20000)]
  0x000000001b66c800 JavaThread "jar transforms Thread 358" [_thread_blocked, id=10400, stack(0x0000000029820000,0x0000000029920000)]
  0x000000001b665000 JavaThread "jar transforms Thread 357" [_thread_blocked, id=1652, stack(0x0000000029720000,0x0000000029820000)]
  0x000000001b66c000 JavaThread "jar transforms Thread 356" [_thread_blocked, id=12764, stack(0x0000000029620000,0x0000000029720000)]
  0x000000001b66b000 JavaThread "jar transforms Thread 355" [_thread_blocked, id=13456, stack(0x0000000029520000,0x0000000029620000)]
  0x000000001b667800 JavaThread "jar transforms Thread 354" [_thread_blocked, id=14272, stack(0x0000000029420000,0x0000000029520000)]
  0x000000001b663800 JavaThread "jar transforms Thread 353" [_thread_blocked, id=9304, stack(0x0000000029320000,0x0000000029420000)]
  0x000000001b666800 JavaThread "jar transforms Thread 352" [_thread_blocked, id=4412, stack(0x0000000029220000,0x0000000029320000)]
  0x000000001b66a800 JavaThread "jar transforms Thread 351" [_thread_blocked, id=3040, stack(0x0000000029120000,0x0000000029220000)]
  0x000000001b669000 JavaThread "jar transforms Thread 350" [_thread_blocked, id=10028, stack(0x0000000029020000,0x0000000029120000)]
  0x000000001b668000 JavaThread "jar transforms Thread 349" [_thread_blocked, id=2668, stack(0x0000000028f20000,0x0000000029020000)]
  0x000000001b664800 JavaThread "jar transforms Thread 348" [_thread_blocked, id=7776, stack(0x0000000028e20000,0x0000000028f20000)]
  0x000000001b65f800 JavaThread "jar transforms Thread 347" [_thread_blocked, id=11952, stack(0x0000000028d20000,0x0000000028e20000)]
  0x000000001b65f000 JavaThread "jar transforms Thread 346" [_thread_blocked, id=8692, stack(0x0000000028c20000,0x0000000028d20000)]
  0x000000001b666000 JavaThread "jar transforms Thread 345" [_thread_blocked, id=13084, stack(0x0000000028b20000,0x0000000028c20000)]
  0x000000001b662000 JavaThread "jar transforms Thread 344" [_thread_blocked, id=1904, stack(0x0000000028a20000,0x0000000028b20000)]
  0x000000001b661800 JavaThread "jar transforms Thread 343" [_thread_blocked, id=8208, stack(0x0000000028920000,0x0000000028a20000)]
  0x000000001b663000 JavaThread "jar transforms Thread 342" [_thread_blocked, id=12040, stack(0x0000000028820000,0x0000000028920000)]
  0x000000001c53d000 JavaThread "jar transforms Thread 341" [_thread_blocked, id=13228, stack(0x0000000028720000,0x0000000028820000)]
  0x000000001c53e000 JavaThread "jar transforms Thread 340" [_thread_blocked, id=2536, stack(0x0000000028620000,0x0000000028720000)]
  0x000000001c540000 JavaThread "jar transforms Thread 339" [_thread_blocked, id=8440, stack(0x0000000028520000,0x0000000028620000)]
  0x000000001c53b800 JavaThread "jar transforms Thread 338" [_thread_blocked, id=4048, stack(0x0000000028420000,0x0000000028520000)]
  0x000000001c53f800 JavaThread "jar transforms Thread 337" [_thread_blocked, id=9608, stack(0x0000000028320000,0x0000000028420000)]
  0x000000001c542800 JavaThread "jar transforms Thread 336" [_thread_blocked, id=14016, stack(0x0000000028220000,0x0000000028320000)]
  0x000000001c53c800 JavaThread "jar transforms Thread 335" [_thread_blocked, id=8400, stack(0x0000000028120000,0x0000000028220000)]
  0x000000001c53e800 JavaThread "jar transforms Thread 334" [_thread_blocked, id=1264, stack(0x0000000028020000,0x0000000028120000)]
  0x000000001c541800 JavaThread "jar transforms Thread 333" [_thread_blocked, id=7856, stack(0x0000000027f20000,0x0000000028020000)]
  0x000000001c541000 JavaThread "jar transforms Thread 332" [_thread_blocked, id=10612, stack(0x0000000027e20000,0x0000000027f20000)]
  0x000000001c534000 JavaThread "jar transforms Thread 331" [_thread_blocked, id=12128, stack(0x0000000027d20000,0x0000000027e20000)]
  0x000000001c53b000 JavaThread "jar transforms Thread 330" [_thread_blocked, id=12784, stack(0x0000000027c20000,0x0000000027d20000)]
  0x000000001c535000 JavaThread "jar transforms Thread 329" [_thread_blocked, id=15048, stack(0x0000000027b20000,0x0000000027c20000)]
  0x000000001c533800 JavaThread "jar transforms Thread 328" [_thread_blocked, id=12932, stack(0x0000000027a20000,0x0000000027b20000)]
  0x000000001c536800 JavaThread "jar transforms Thread 327" [_thread_blocked, id=9520, stack(0x0000000027920000,0x0000000027a20000)]
  0x000000001c53a000 JavaThread "jar transforms Thread 326" [_thread_blocked, id=13600, stack(0x0000000027820000,0x0000000027920000)]
  0x000000001c539800 JavaThread "jar transforms Thread 325" [_thread_blocked, id=11280, stack(0x0000000027720000,0x0000000027820000)]
  0x000000001c538800 JavaThread "jar transforms Thread 324" [_thread_blocked, id=3944, stack(0x0000000027620000,0x0000000027720000)]
  0x000000001c535800 JavaThread "jar transforms Thread 323" [_thread_blocked, id=11208, stack(0x0000000027520000,0x0000000027620000)]
  0x000000001f1b1800 JavaThread "jar transforms Thread 322" [_thread_blocked, id=11024, stack(0x0000000027420000,0x0000000027520000)]
  0x000000001f1b0800 JavaThread "jar transforms Thread 321" [_thread_blocked, id=10088, stack(0x0000000027320000,0x0000000027420000)]
  0x000000001f1b0000 JavaThread "jar transforms Thread 320" [_thread_blocked, id=13996, stack(0x0000000027220000,0x0000000027320000)]
  0x000000001f1ae800 JavaThread "jar transforms Thread 319" [_thread_blocked, id=6612, stack(0x0000000027120000,0x0000000027220000)]
  0x000000001f1af000 JavaThread "jar transforms Thread 318" [_thread_blocked, id=11260, stack(0x0000000027020000,0x0000000027120000)]
  0x000000001f1b3000 JavaThread "jar transforms Thread 317" [_thread_blocked, id=5376, stack(0x0000000026f20000,0x0000000027020000)]
  0x000000001f1ad800 JavaThread "jar transforms Thread 316" [_thread_blocked, id=4200, stack(0x0000000026e20000,0x0000000026f20000)]
  0x000000001f1b2000 JavaThread "jar transforms Thread 315" [_thread_blocked, id=14480, stack(0x0000000026d20000,0x0000000026e20000)]
  0x000000001f1a6000 JavaThread "jar transforms Thread 314" [_thread_blocked, id=2248, stack(0x0000000026c20000,0x0000000026d20000)]
  0x000000001f1ad000 JavaThread "jar transforms Thread 313" [_thread_blocked, id=14596, stack(0x0000000026b20000,0x0000000026c20000)]
  0x000000001f1a5800 JavaThread "jar transforms Thread 312" [_thread_blocked, id=8884, stack(0x0000000026a20000,0x0000000026b20000)]
  0x000000001f1ac000 JavaThread "jar transforms Thread 311" [_thread_blocked, id=9456, stack(0x0000000026920000,0x0000000026a20000)]
  0x000000001f1aa800 JavaThread "jar transforms Thread 310" [_thread_blocked, id=1780, stack(0x0000000026820000,0x0000000026920000)]
  0x000000001f1aa000 JavaThread "jar transforms Thread 309" [_thread_blocked, id=7504, stack(0x0000000026720000,0x0000000026820000)]
  0x000000001f1a8800 JavaThread "jar transforms Thread 308" [_thread_blocked, id=15000, stack(0x0000000026620000,0x0000000026720000)]
  0x000000001f1a4800 JavaThread "jar transforms Thread 307" [_thread_blocked, id=11096, stack(0x0000000026520000,0x0000000026620000)]
  0x000000001f1a7800 JavaThread "jar transforms Thread 306" [_thread_blocked, id=8812, stack(0x0000000026420000,0x0000000026520000)]
  0x000000001f1ab800 JavaThread "jar transforms Thread 305" [_thread_blocked, id=12388, stack(0x0000000026320000,0x0000000026420000)]
  0x000000001f1a9000 JavaThread "jar transforms Thread 304" [_thread_blocked, id=2944, stack(0x0000000026220000,0x0000000026320000)]
  0x000000001acdb000 JavaThread "jar transforms Thread 303" [_thread_blocked, id=15016, stack(0x0000000026120000,0x0000000026220000)]
  0x000000001acd9800 JavaThread "jar transforms Thread 302" [_thread_blocked, id=12440, stack(0x0000000026020000,0x0000000026120000)]
  0x000000001acda000 JavaThread "jar transforms Thread 301" [_thread_blocked, id=15216, stack(0x0000000025f20000,0x0000000026020000)]
  0x000000001acd8800 JavaThread "jar transforms Thread 300" [_thread_blocked, id=1244, stack(0x0000000025e20000,0x0000000025f20000)]
  0x000000001acdd000 JavaThread "jar transforms Thread 299" [_thread_blocked, id=9676, stack(0x0000000025920000,0x0000000025a20000)]
  0x000000001acd7000 JavaThread "jar transforms Thread 298" [_thread_blocked, id=12332, stack(0x0000000025820000,0x0000000025920000)]
  0x000000001acdc800 JavaThread "jar transforms Thread 297" [_thread_blocked, id=13284, stack(0x0000000025720000,0x0000000025820000)]
  0x000000001acde000 JavaThread "jar transforms Thread 296" [_thread_blocked, id=8932, stack(0x0000000025620000,0x0000000025720000)]
  0x000000001acdb800 JavaThread "jar transforms Thread 295" [_thread_blocked, id=9076, stack(0x0000000025520000,0x0000000025620000)]
  0x000000001accf800 JavaThread "jar transforms Thread 294" [_thread_blocked, id=5044, stack(0x0000000025420000,0x0000000025520000)]
  0x000000001acd6800 JavaThread "jar transforms Thread 293" [_thread_blocked, id=2084, stack(0x0000000025320000,0x0000000025420000)]
  0x000000001acd1000 JavaThread "jar transforms Thread 292" [_thread_blocked, id=13488, stack(0x0000000025220000,0x0000000025320000)]
  0x000000001acd0800 JavaThread "jar transforms Thread 291" [_thread_blocked, id=9664, stack(0x0000000025120000,0x0000000025220000)]
  0x000000001acd4000 JavaThread "jar transforms Thread 290" [_thread_blocked, id=14424, stack(0x0000000025020000,0x0000000025120000)]
  0x000000001acd3800 JavaThread "jar transforms Thread 289" [_thread_blocked, id=12220, stack(0x0000000024f20000,0x0000000025020000)]
  0x000000001acd5000 JavaThread "jar transforms Thread 288" [_thread_blocked, id=5204, stack(0x0000000024e20000,0x0000000024f20000)]
  0x000000001acd5800 JavaThread "jar transforms Thread 287" [_thread_blocked, id=8680, stack(0x0000000024d20000,0x0000000024e20000)]
  0x000000001acd2800 JavaThread "jar transforms Thread 286" [_thread_blocked, id=9844, stack(0x0000000024c20000,0x0000000024d20000)]
  0x000000001acd2000 JavaThread "jar transforms Thread 285" [_thread_blocked, id=13452, stack(0x0000000024b20000,0x0000000024c20000)]
  0x000000001acce800 JavaThread "jar transforms Thread 284" [_thread_blocked, id=14692, stack(0x0000000024820000,0x0000000024920000)]
  0x000000001fb03800 JavaThread "jar transforms Thread 283" [_thread_blocked, id=3172, stack(0x0000000024720000,0x0000000024820000)]
  0x000000001fb01000 JavaThread "Build operations Thread 8" [_thread_blocked, id=3804, stack(0x0000000024620000,0x0000000024720000)]
  0x000000001fb02800 JavaThread "Build operations Thread 7" [_thread_blocked, id=11988, stack(0x0000000024520000,0x0000000024620000)]
  0x000000001fb00800 JavaThread "Build operations Thread 6" [_thread_blocked, id=10768, stack(0x0000000024420000,0x0000000024520000)]
  0x000000001faff800 JavaThread "Build operations Thread 5" [_thread_blocked, id=11520, stack(0x0000000024320000,0x0000000024420000)]
  0x000000001fb04000 JavaThread "Build operations Thread 4" [_thread_blocked, id=5340, stack(0x0000000024220000,0x0000000024320000)]
  0x000000001fb02000 JavaThread "Build operations Thread 3" [_thread_blocked, id=15024, stack(0x0000000024120000,0x0000000024220000)]
  0x000000001faf8000 JavaThread "Build operations Thread 2" [_thread_blocked, id=12572, stack(0x0000000022260000,0x0000000022360000)]
  0x000000001faff000 JavaThread "Build operations" [_thread_blocked, id=9252, stack(0x0000000022160000,0x0000000022260000)]
  0x000000001faf7800 JavaThread "Cache worker for cache directory md-rule (C:\Users\hieub\.gradle\caches\6.5\md-rule)" [_thread_blocked, id=11784, stack(0x0000000021f60000,0x0000000022060000)]
  0x000000001faf6800 JavaThread "Cache worker for cache directory md-supplier (C:\Users\hieub\.gradle\caches\6.5\md-supplier)" [_thread_blocked, id=10020, stack(0x000000001e170000,0x000000001e270000)]
  0x000000001fafd800 JavaThread "Cache worker for checksums cache (F:\Learn_code_on_College\Chuyen-de-di-dong\codeProject\Hotel_Booking_App_Of_Hotel\.gradle\checksums)" [_thread_blocked, id=11060, stack(0x000000001e070000,0x000000001e170000)]
  0x000000001faf9000 JavaThread "Cache worker for file hash cache (F:\Learn_code_on_College\Chuyen-de-di-dong\codeProject\Hotel_Booking_App_Of_Hotel\.gradle\6.5\fileHashes)" [_thread_blocked, id=15336, stack(0x000000001df70000,0x000000001e070000)]
  0x000000001faf6000 JavaThread "Thread-430" [_thread_blocked, id=4216, stack(0x000000001de70000,0x000000001df70000)]
  0x000000001fafc800 JavaThread "Stdin handler" [_thread_blocked, id=12500, stack(0x000000001d870000,0x000000001d970000)]
  0x000000001fafb000 JavaThread "Asynchronous log dispatcher for DefaultDaemonConnection: socket connection from /127.0.0.1:60771 to /127.0.0.1:64164" [_thread_in_native, id=12184, stack(0x000000001d430000,0x000000001d530000)]
  0x000000001fafa800 JavaThread "Daemon worker Thread 4" [_thread_blocked, id=12720, stack(0x000000001d330000,0x000000001d430000)]
  0x000000001faf5000 JavaThread "Cancel handler" [_thread_blocked, id=7352, stack(0x0000000000c50000,0x0000000000d50000)]
  0x000000001faf9800 JavaThread "Handler for socket connection from /127.0.0.1:60771 to /127.0.0.1:64164" [_thread_in_native, id=13760, stack(0x0000000000b50000,0x0000000000c50000)]
  0x000000001fafc000 JavaThread "Daemon Thread 4" [_thread_blocked, id=9240, stack(0x0000000000a50000,0x0000000000b50000)]
  0x00000000203d7800 JavaThread "Cache worker for Java compile cache (C:\Users\hieub\.gradle\caches\6.5\javaCompile)" [_thread_blocked, id=7876, stack(0x000000002e1b0000,0x000000002e2b0000)]
  0x000000001f1a7000 JavaThread "Memory manager" [_thread_blocked, id=12368, stack(0x000000002b020000,0x000000002b120000)]
  0x000000001c188000 JavaThread "Cache worker for file content cache (C:\Users\hieub\.gradle\caches\6.5\fileContent)" [_thread_blocked, id=4608, stack(0x0000000022a50000,0x0000000022b50000)]
  0x000000001c187000 JavaThread "Cache worker for execution history cache (C:\Users\hieub\.gradle\caches\6.5\executionHistory)" [_thread_blocked, id=12088, stack(0x0000000022060000,0x0000000022160000)]
  0x000000001c18d000 JavaThread "Cache worker for file hash cache (C:\Users\hieub\.gradle\caches\6.5\fileHashes)" [_thread_blocked, id=6876, stack(0x000000001e670000,0x000000001e770000)]
  0x000000001c189800 JavaThread "File lock request listener" [_thread_in_native, id=14296, stack(0x000000001e570000,0x000000001e670000)]
  0x000000001c26d000 JavaThread "Cache worker for journal cache (C:\Users\hieub\.gradle\caches\journal-1)" [_thread_blocked, id=8644, stack(0x000000001e470000,0x000000001e570000)]
  0x000000001bfcb000 JavaThread "Daemon periodic checks" [_thread_blocked, id=1892, stack(0x000000001d770000,0x000000001d870000)]
  0x000000001bfc9000 JavaThread "Incoming local TCP Connector on port 60771" [_thread_in_native, id=12340, stack(0x000000001d530000,0x000000001d630000)]
  0x000000001bf4b000 JavaThread "Daemon health stats" [_thread_blocked, id=12296, stack(0x000000001cef0000,0x000000001cff0000)]
  0x000000001971b000 JavaThread "Service Thread" daemon [_thread_blocked, id=6392, stack(0x000000001a350000,0x000000001a450000)]
  0x000000001969b800 JavaThread "C1 CompilerThread3" daemon [_thread_in_vm, id=15164, stack(0x000000001a250000,0x000000001a350000)]
  0x0000000019695000 JavaThread "C2 CompilerThread2" daemon [_thread_in_native, id=1460, stack(0x000000001a150000,0x000000001a250000)]
  0x0000000019687000 JavaThread "C2 CompilerThread1" daemon [_thread_in_native, id=14804, stack(0x000000001a050000,0x000000001a150000)]
=>0x0000000019682800 JavaThread "C2 CompilerThread0" daemon [_thread_in_native, id=12312, stack(0x0000000019f50000,0x000000001a050000)]
  0x0000000019681800 JavaThread "Attach Listener" daemon [_thread_blocked, id=12992, stack(0x0000000019e50000,0x0000000019f50000)]
  0x0000000019680800 JavaThread "Signal Dispatcher" daemon [_thread_blocked, id=11480, stack(0x0000000019d50000,0x0000000019e50000)]
  0x0000000019670800 JavaThread "Finalizer" daemon [_thread_blocked, id=3928, stack(0x0000000019b50000,0x0000000019c50000)]
  0x00000000027d8000 JavaThread "Reference Handler" daemon [_thread_blocked, id=2560, stack(0x0000000019a50000,0x0000000019b50000)]
  0x00000000026e2800 JavaThread "main" [_thread_blocked, id=8012, stack(0x0000000002580000,0x0000000002680000)]

Other Threads:
  0x0000000017876800 VMThread [stack: 0x0000000019550000,0x0000000019650000] [id=9840]
  0x00000000196d2000 WatcherThread [stack: 0x000000001a450000,0x000000001a550000] [id=12728]

VM state:not at safepoint (normal execution)

VM Mutex/Monitor currently owned by a thread: None

heap address: 0x0000000080000000, size: 2048 MB, Compressed Oops mode: 32-bit
Narrow klass base: 0x0000000000000000, Narrow klass shift: 3
Compressed class space size: 1073741824 Address: 0x0000000100000000

Heap:
 PSYoungGen      total 416256K, used 335609K [0x00000000d5580000, 0x00000000f1680000, 0x0000000100000000)
  eden space 381952K, 80% used [0x00000000d5580000,0x00000000e81b7de8,0x00000000eca80000)
  from space 34304K, 82% used [0x00000000ef500000,0x00000000f10866f8,0x00000000f1680000)
  to   space 38912K, 0% used [0x00000000eca80000,0x00000000eca80000,0x00000000ef080000)
 ParOldGen       total 163328K, used 62308K [0x0000000080000000, 0x0000000089f80000, 0x00000000d5580000)
  object space 163328K, 38% used [0x0000000080000000,0x0000000083cd9388,0x0000000089f80000)
 Metaspace       used 106020K, capacity 111762K, committed 112792K, reserved 1146880K
  class space    used 13969K, capacity 15091K, committed 15536K, reserved 1048576K

Card table byte_map: [0x0000000011ba0000,0x0000000011fb0000] byte_map_base: 0x00000000117a0000

Marking Bits: (ParMarkBitMap*) 0x00000000623ff030
 Begin Bits: [0x0000000012a60000, 0x0000000014a60000)
 End Bits:   [0x0000000014a60000, 0x0000000016a60000)

Polling page: 0x0000000002680000

CodeCache: size=245760Kb used=51179Kb max_used=51364Kb free=194580Kb
 bounds [0x00000000027e0000, 0x0000000005ac0000, 0x00000000117e0000]
 total_blobs=16039 nmethods=15132 adapters=819
 compilation: enabled

Compilation events (10 events):
Event: 1613.051 Thread 0x000000001969b800 19004       1       org.gradle.api.internal.tasks.properties.PropertyVisitor$Adapter::visitInputFileProperty (1 bytes)
Event: 1613.051 Thread 0x000000001969b800 nmethod 19004 0x0000000003e38650 code [0x0000000003e387a0, 0x0000000003e388b0]
Event: 1613.053 Thread 0x000000001969b800 19005       1       org.gradle.api.internal.artifacts.transform.TransformationChain::stepsCount (5 bytes)
Event: 1613.053 Thread 0x000000001969b800 nmethod 19005 0x0000000004101450 code [0x00000000041015a0, 0x00000000041016b0]
Event: 1613.053 Thread 0x000000001969b800 19007       3       org.gradle.api.internal.provider.AbstractMinimalProvider::unpackState (5 bytes)
Event: 1613.054 Thread 0x000000001969b800 nmethod 19007 0x0000000004687a50 code [0x0000000004687be0, 0x0000000004687f98]
Event: 1613.066 Thread 0x000000001969b800 19013   !   3       org.gradle.cache.internal.CacheAccessWorker::addToQueue (37 bytes)
Event: 1613.066 Thread 0x0000000019695000 nmethod 18991 0x0000000003c01310 code [0x0000000003c01540, 0x0000000003c01de8]
Event: 1613.066 Thread 0x0000000019695000 19006       4       org.gradle.api.internal.artifacts.transform.AttributeMatchingVariantSelector::doSelect (491 bytes)
Event: 1613.067 Thread 0x000000001969b800 nmethod 19013 0x0000000002acbc90 code [0x0000000002acbe20, 0x0000000002acc208]

GC Heap History (10 events):
Event: 43.866 GC heap before
{Heap before GC invocations=18 (full 3):
 PSYoungGen      total 322048K, used 322022K [0x00000000d5580000, 0x00000000eae80000, 0x0000000100000000)
  eden space 299008K, 100% used [0x00000000d5580000,0x00000000e7980000,0x00000000e7980000)
  from space 23040K, 99% used [0x00000000e9700000,0x00000000ead799e0,0x00000000ead80000)
  to   space 27136K, 0% used [0x00000000e7980000,0x00000000e7980000,0x00000000e9400000)
 ParOldGen       total 104448K, used 32568K [0x0000000080000000, 0x0000000086600000, 0x00000000d5580000)
  object space 104448K, 31% used [0x0000000080000000,0x0000000081fce020,0x0000000086600000)
 Metaspace       used 82083K, capacity 86412K, committed 86552K, reserved 1124352K
  class space    used 10917K, capacity 11702K, committed 11824K, reserved 1048576K
Event: 43.905 GC heap after
Heap after GC invocations=18 (full 3):
 PSYoungGen      total 326144K, used 26684K [0x00000000d5580000, 0x00000000ef300000, 0x0000000100000000)
  eden space 299008K, 0% used [0x00000000d5580000,0x00000000d5580000,0x00000000e7980000)
  from space 27136K, 98% used [0x00000000e7980000,0x00000000e938f398,0x00000000e9400000)
  to   space 31232K, 0% used [0x00000000ed480000,0x00000000ed480000,0x00000000ef300000)
 ParOldGen       total 104448K, used 53472K [0x0000000080000000, 0x0000000086600000, 0x00000000d5580000)
  object space 104448K, 51% used [0x0000000080000000,0x0000000083438258,0x0000000086600000)
 Metaspace       used 82083K, capacity 86412K, committed 86552K, reserved 1124352K
  class space    used 10917K, capacity 11702K, committed 11824K, reserved 1048576K
}
Event: 290.029 GC heap before
{Heap before GC invocations=19 (full 3):
 PSYoungGen      total 326144K, used 193017K [0x00000000d5580000, 0x00000000ef300000, 0x0000000100000000)
  eden space 299008K, 55% used [0x00000000d5580000,0x00000000df7ef150,0x00000000e7980000)
  from space 27136K, 98% used [0x00000000e7980000,0x00000000e938f398,0x00000000e9400000)
  to   space 31232K, 0% used [0x00000000ed480000,0x00000000ed480000,0x00000000ef300000)
 ParOldGen       total 104448K, used 53472K [0x0000000080000000, 0x0000000086600000, 0x00000000d5580000)
  object space 104448K, 51% used [0x0000000080000000,0x0000000083438258,0x0000000086600000)
 Metaspace       used 92214K, capacity 98468K, committed 98584K, reserved 1134592K
  class space    used 12573K, capacity 13786K, committed 13872K, reserved 1048576K
Event: 290.052 GC heap after
Heap after GC invocations=19 (full 3):
 PSYoungGen      total 372736K, used 22103K [0x00000000d5580000, 0x00000000eeb00000, 0x0000000100000000)
  eden space 349696K, 0% used [0x00000000d5580000,0x00000000d5580000,0x00000000eab00000)
  from space 23040K, 95% used [0x00000000ed480000,0x00000000eea15f50,0x00000000eeb00000)
  to   space 32768K, 0% used [0x00000000eab00000,0x00000000eab00000,0x00000000ecb00000)
 ParOldGen       total 104448K, used 53480K [0x0000000080000000, 0x0000000086600000, 0x00000000d5580000)
  object space 104448K, 51% used [0x0000000080000000,0x000000008343a258,0x0000000086600000)
 Metaspace       used 92214K, capacity 98468K, committed 98584K, reserved 1134592K
  class space    used 12573K, capacity 13786K, committed 13872K, reserved 1048576K
}
Event: 290.052 GC heap before
{Heap before GC invocations=20 (full 4):
 PSYoungGen      total 372736K, used 22103K [0x00000000d5580000, 0x00000000eeb00000, 0x0000000100000000)
  eden space 349696K, 0% used [0x00000000d5580000,0x00000000d5580000,0x00000000eab00000)
  from space 23040K, 95% used [0x00000000ed480000,0x00000000eea15f50,0x00000000eeb00000)
  to   space 32768K, 0% used [0x00000000eab00000,0x00000000eab00000,0x00000000ecb00000)
 ParOldGen       total 104448K, used 53480K [0x0000000080000000, 0x0000000086600000, 0x00000000d5580000)
  object space 104448K, 51% used [0x0000000080000000,0x000000008343a258,0x0000000086600000)
 Metaspace       used 92214K, capacity 98468K, committed 98584K, reserved 1134592K
  class space    used 12573K, capacity 13786K, committed 13872K, reserved 1048576K
Event: 290.332 GC heap after
Heap after GC invocations=20 (full 4):
 PSYoungGen      total 372736K, used 0K [0x00000000d5580000, 0x00000000eeb00000, 0x0000000100000000)
  eden space 349696K, 0% used [0x00000000d5580000,0x00000000d5580000,0x00000000eab00000)
  from space 23040K, 0% used [0x00000000ed480000,0x00000000ed480000,0x00000000eeb00000)
  to   space 32768K, 0% used [0x00000000eab00000,0x00000000eab00000,0x00000000ecb00000)
 ParOldGen       total 163328K, used 62292K [0x0000000080000000, 0x0000000089f80000, 0x00000000d5580000)
  object space 163328K, 38% used [0x0000000080000000,0x0000000083cd5388,0x0000000089f80000)
 Metaspace       used 91119K, capacity 95744K, committed 98584K, reserved 1134592K
  class space    used 12189K, capacity 13104K, committed 13872K, reserved 1048576K
}
Event: 383.550 GC heap before
{Heap before GC invocations=21 (full 4):
 PSYoungGen      total 372736K, used 349696K [0x00000000d5580000, 0x00000000eeb00000, 0x0000000100000000)
  eden space 349696K, 100% used [0x00000000d5580000,0x00000000eab00000,0x00000000eab00000)
  from space 23040K, 0% used [0x00000000ed480000,0x00000000ed480000,0x00000000eeb00000)
  to   space 32768K, 0% used [0x00000000eab00000,0x00000000eab00000,0x00000000ecb00000)
 ParOldGen       total 163328K, used 62292K [0x0000000080000000, 0x0000000089f80000, 0x00000000d5580000)
  object space 163328K, 38% used [0x0000000080000000,0x0000000083cd5388,0x0000000089f80000)
 Metaspace       used 104597K, capacity 109976K, committed 111512K, reserved 1144832K
  class space    used 13927K, capacity 15018K, committed 15536K, reserved 1048576K
Event: 383.569 GC heap after
Heap after GC invocations=21 (full 4):
 PSYoungGen      total 382464K, used 27425K [0x00000000d5580000, 0x00000000f1800000, 0x0000000100000000)
  eden space 349696K, 0% used [0x00000000d5580000,0x00000000d5580000,0x00000000eab00000)
  from space 32768K, 83% used [0x00000000eab00000,0x00000000ec5c8610,0x00000000ecb00000)
  to   space 35840K, 0% used [0x00000000ef500000,0x00000000ef500000,0x00000000f1800000)
 ParOldGen       total 163328K, used 62300K [0x0000000080000000, 0x0000000089f80000, 0x00000000d5580000)
  object space 163328K, 38% used [0x0000000080000000,0x0000000083cd7388,0x0000000089f80000)
 Metaspace       used 104597K, capacity 109976K, committed 111512K, reserved 1144832K
  class space    used 13927K, capacity 15018K, committed 15536K, reserved 1048576K
}
Event: 1276.593 GC heap before
{Heap before GC invocations=22 (full 4):
 PSYoungGen      total 382464K, used 377121K [0x00000000d5580000, 0x00000000f1800000, 0x0000000100000000)
  eden space 349696K, 100% used [0x00000000d5580000,0x00000000eab00000,0x00000000eab00000)
  from space 32768K, 83% used [0x00000000eab00000,0x00000000ec5c8610,0x00000000ecb00000)
  to   space 35840K, 0% used [0x00000000ef500000,0x00000000ef500000,0x00000000f1800000)
 ParOldGen       total 163328K, used 62300K [0x0000000080000000, 0x0000000089f80000, 0x00000000d5580000)
  object space 163328K, 38% used [0x0000000080000000,0x0000000083cd7388,0x0000000089f80000)
 Metaspace       used 105202K, capacity 110696K, committed 112024K, reserved 1146880K
  class space    used 13944K, capacity 15048K, committed 15536K, reserved 1048576K
Event: 1276.663 GC heap after
Heap after GC invocations=22 (full 4):
 PSYoungGen      total 416256K, used 28185K [0x00000000d5580000, 0x00000000f1680000, 0x0000000100000000)
  eden space 381952K, 0% used [0x00000000d5580000,0x00000000d5580000,0x00000000eca80000)
  from space 34304K, 82% used [0x00000000ef500000,0x00000000f10866f8,0x00000000f1680000)
  to   space 38912K, 0% used [0x00000000eca80000,0x00000000eca80000,0x00000000ef080000)
 ParOldGen       total 163328K, used 62308K [0x0000000080000000, 0x0000000089f80000, 0x00000000d5580000)
  object space 163328K, 38% used [0x0000000080000000,0x0000000083cd9388,0x0000000089f80000)
 Metaspace       used 105202K, capacity 110696K, committed 112024K, reserved 1146880K
  class space    used 13944K, capacity 15048K, committed 15536K, reserved 1048576K
}

Deoptimization events (10 events):
Event: 1279.135 Thread 0x000000001faf8000 Uncommon trap: reason=bimorphic action=maybe_recompile pc=0x0000000004a91268 method=java.util.HashMap.removeNode(ILjava/lang/Object;Ljava/lang/Object;ZZ)Ljava/util/HashMap$Node; @ 143
Event: 1279.137 Thread 0x000000001b669000 Uncommon trap: reason=unstable_if action=reinterpret pc=0x0000000003ebd340 method=java.util.concurrent.locks.AbstractQueuedSynchronizer$ConditionObject.awaitNanos(J)J @ 89
Event: 1612.217 Thread 0x000000001fafa800 Uncommon trap: reason=class_check action=maybe_recompile pc=0x000000000464b71c method=com.google.common.collect.ImmutableMultimap$Builder.put(Ljava/lang/Object;Ljava/lang/Object;)Lcom/google/common/collect/ImmutableMultimap$Builder; @ 29
Event: 1612.220 Thread 0x000000001fafa800 Uncommon trap: reason=predicate action=maybe_recompile pc=0x0000000005515284 method=com.google.common.collect.RegularImmutableMap.fromEntryArray(I[Ljava/util/Map$Entry;)Lcom/google/common/collect/ImmutableMap; @ 62
Event: 1612.272 Thread 0x000000001fafa800 Uncommon trap: reason=class_check action=maybe_recompile pc=0x000000000471a3e0 method=java.util.Spliterators$ArraySpliterator.tryAdvance(Ljava/util/function/Consumer;)Z @ 49
Event: 1612.319 Thread 0x000000001fafa800 Uncommon trap: reason=class_check action=maybe_recompile pc=0x000000000471a3e0 method=java.util.Spliterators$ArraySpliterator.tryAdvance(Ljava/util/function/Consumer;)Z @ 49
Event: 1612.535 Thread 0x000000001fafb000 Uncommon trap: reason=unstable_if action=reinterpret pc=0x0000000004237d98 method=com.esotericsoftware.kryo.io.Output.writeVarLong(JZ)I @ 55
Event: 1612.711 Thread 0x00000000203d6000 Uncommon trap: reason=unstable_if action=reinterpret pc=0x000000000538142c method=com.android.ide.common.resources.configuration.FolderConfiguration.getQualifierString()Ljava/lang/String; @ 94
Event: 1613.007 Thread 0x00000000203d3800 Uncommon trap: reason=unstable_if action=reinterpret pc=0x000000000540d2e8 method=java.util.concurrent.ConcurrentLinkedQueue.poll()Ljava/lang/Object; @ 74
Event: 1613.008 Thread 0x000000001fb02000 Uncommon trap: reason=unstable_if action=reinterpret pc=0x00000000045c4e88 method=java.util.concurrent.locks.AbstractQueuedSynchronizer.unparkSuccessor(Ljava/util/concurrent/locks/AbstractQueuedSynchronizer$Node;)V @ 22

Classes redefined (0 events):
No events

Internal exceptions (10 events):
Event: 1275.885 Thread 0x000000001b666000 Exception <a 'sun/nio/fs/WindowsException'> (0x00000000e9439c20) thrown at [C:\src\AOSP-openjdk-git\hotspot\src\share\vm\prims\jni.cpp, line 710]
Event: 1275.886 Thread 0x000000001b666000 Exception <a 'sun/nio/fs/WindowsException'> (0x00000000e943bbe0) thrown at [C:\src\AOSP-openjdk-git\hotspot\src\share\vm\prims\jni.cpp, line 710]
Event: 1275.886 Thread 0x000000001b666000 Exception <a 'sun/nio/fs/WindowsException'> (0x00000000e943c970) thrown at [C:\src\AOSP-openjdk-git\hotspot\src\share\vm\prims\jni.cpp, line 710]
Event: 1277.227 Thread 0x000000001b666000 Exception <a 'sun/nio/fs/WindowsException'> (0x00000000d8527360) thrown at [C:\src\AOSP-openjdk-git\hotspot\src\share\vm\prims\jni.cpp, line 710]
Event: 1277.888 Thread 0x000000001ec0f000 Exception <a 'sun/nio/fs/WindowsException'> (0x00000000dc5eeb80) thrown at [C:\src\AOSP-openjdk-git\hotspot\src\share\vm\prims\jni.cpp, line 710]
Event: 1278.052 Thread 0x000000001ec17000 Exception <a 'sun/nio/fs/WindowsException'> (0x00000000dda04308) thrown at [C:\src\AOSP-openjdk-git\hotspot\src\share\vm\prims\jni.cpp, line 710]
Event: 1612.276 Thread 0x000000001fafa800 Exception <a 'sun/nio/fs/WindowsException'> (0x00000000e0bfb728) thrown at [C:\src\AOSP-openjdk-git\hotspot\src\share\vm\prims\jni.cpp, line 710]
Event: 1612.711 Thread 0x00000000203d6000 Implicit null exception at 0x0000000005380ca5 to 0x000000000538141f
Event: 1613.008 Thread 0x000000001fb02000 Implicit null exception at 0x00000000045c45c2 to 0x00000000045c4e71
Event: 1613.083 Thread 0x00000000203df000 Exception <a 'java/io/IOException'> (0x00000000e701e9b8) thrown at [C:\src\AOSP-openjdk-git\hotspot\src\share\vm\prims\jni.cpp, line 710]

Events (10 events):
Event: 1613.077 Executing VM operation: RevokeBias
Event: 1613.079 Executing VM operation: RevokeBias done
Event: 1613.079 Executing VM operation: RevokeBias
Event: 1613.080 Executing VM operation: RevokeBias done
Event: 1613.080 Thread 0x000000001c886000 Thread exited: 0x000000001c886000
Event: 1613.080 Executing VM operation: RevokeBias
Event: 1613.080 Executing VM operation: RevokeBias done
Event: 1613.080 Executing VM operation: RevokeBias
Event: 1613.081 Executing VM operation: RevokeBias done
Event: 1613.081 Thread 0x000000001c883800 Thread exited: 0x000000001c883800


Dynamic libraries:
0x00007ff695bd0000 - 0x00007ff695c01000 	C:\Program Files\Android\Android Studio\jre\bin\java.exe
0x00007ffd015d0000 - 0x00007ffd017c6000 	C:\WINDOWS\SYSTEM32\ntdll.dll
0x00007ffcff660000 - 0x00007ffcff71d000 	C:\WINDOWS\System32\KERNEL32.DLL
0x00007ffcff080000 - 0x00007ffcff348000 	C:\WINDOWS\System32\KERNELBASE.dll
0x00007ffd001a0000 - 0x00007ffd0024c000 	C:\WINDOWS\System32\ADVAPI32.dll
0x00007ffcff720000 - 0x00007ffcff7be000 	C:\WINDOWS\System32\msvcrt.dll
0x00007ffcffe10000 - 0x00007ffcffeab000 	C:\WINDOWS\System32\sechost.dll
0x00007ffd00470000 - 0x00007ffd00593000 	C:\WINDOWS\System32\RPCRT4.dll
0x00007ffd00250000 - 0x00007ffd003f0000 	C:\WINDOWS\System32\USER32.dll
0x00007ffcff600000 - 0x00007ffcff622000 	C:\WINDOWS\System32\win32u.dll
0x00007ffcff630000 - 0x00007ffcff65a000 	C:\WINDOWS\System32\GDI32.dll
0x00007ffcfee70000 - 0x00007ffcfef79000 	C:\WINDOWS\System32\gdi32full.dll
0x00007ffcff4e0000 - 0x00007ffcff57d000 	C:\WINDOWS\System32\msvcp_win.dll
0x00007ffcfef80000 - 0x00007ffcff080000 	C:\WINDOWS\System32\ucrtbase.dll
0x00007ffce7f90000 - 0x00007ffce822b000 	C:\WINDOWS\WinSxS\amd64_microsoft.windows.common-controls_6595b64144ccf1df_6.0.19041.488_none_ca04af081b815d21\COMCTL32.dll
0x00007ffd01350000 - 0x00007ffd01380000 	C:\WINDOWS\System32\IMM32.DLL
0x00000000617b0000 - 0x0000000061882000 	C:\Program Files\Android\Android Studio\jre\jre\bin\msvcr100.dll
0x0000000061c30000 - 0x000000006247b000 	C:\Program Files\Android\Android Studio\jre\jre\bin\server\jvm.dll
0x00007ffcfff80000 - 0x00007ffcfff88000 	C:\WINDOWS\System32\PSAPI.DLL
0x00007ffcea1e0000 - 0x00007ffcea1e9000 	C:\WINDOWS\SYSTEM32\WSOCK32.dll
0x00007ffce9aa0000 - 0x00007ffce9ac7000 	C:\WINDOWS\SYSTEM32\WINMM.dll
0x00007ffd00130000 - 0x00007ffd0019b000 	C:\WINDOWS\System32\WS2_32.dll
0x00007ffcf7ee0000 - 0x00007ffcf7eea000 	C:\WINDOWS\SYSTEM32\VERSION.dll
0x00007ffcf9e60000 - 0x00007ffcf9e6f000 	C:\Program Files\Android\Android Studio\jre\jre\bin\verify.dll
0x00007ffcf7e00000 - 0x00007ffcf7e29000 	C:\Program Files\Android\Android Studio\jre\jre\bin\java.dll
0x00007ffcee2d0000 - 0x00007ffcee2e6000 	C:\Program Files\Android\Android Studio\jre\jre\bin\zip.dll
0x00007ffd00c00000 - 0x00007ffd01341000 	C:\WINDOWS\System32\SHELL32.dll
0x00007ffcfcb60000 - 0x00007ffcfd2f5000 	C:\WINDOWS\SYSTEM32\windows.storage.dll
0x00007ffcff970000 - 0x00007ffcffcc5000 	C:\WINDOWS\System32\combase.dll
0x00007ffcfe780000 - 0x00007ffcfe7ac000 	C:\WINDOWS\SYSTEM32\Wldp.dll
0x00007ffcfff90000 - 0x00007ffd0003e000 	C:\WINDOWS\System32\SHCORE.dll
0x00007ffcff8a0000 - 0x00007ffcff8f5000 	C:\WINDOWS\System32\shlwapi.dll
0x00007ffcfec40000 - 0x00007ffcfec66000 	C:\WINDOWS\SYSTEM32\profapi.dll
0x00007ffcee250000 - 0x00007ffcee26a000 	C:\Program Files\Android\Android Studio\jre\jre\bin\net.dll
0x00007ffcfe500000 - 0x00007ffcfe56a000 	C:\WINDOWS\system32\mswsock.dll
0x00007ffcee0e0000 - 0x00007ffcee0f3000 	C:\Program Files\Android\Android Studio\jre\jre\bin\nio.dll
0x00007ffcd7fb0000 - 0x00007ffcd7fd7000 	C:\Users\hieub\.gradle\native\f6784746aeab05261644944871eae4fe03e0ef1612fff0a4a95f87b438bc6780\windows-amd64\native-platform.dll
0x00007ffcf9ce0000 - 0x00007ffcf9ced000 	C:\Program Files\Android\Android Studio\jre\jre\bin\management.dll
0x00007ffcfe6d0000 - 0x00007ffcfe6e8000 	C:\WINDOWS\SYSTEM32\CRYPTSP.dll
0x00007ffcfde20000 - 0x00007ffcfde54000 	C:\WINDOWS\system32\rsaenh.dll
0x00007ffcff350000 - 0x00007ffcff377000 	C:\WINDOWS\System32\bcrypt.dll
0x00007ffcfec00000 - 0x00007ffcfec2e000 	C:\WINDOWS\SYSTEM32\USERENV.dll
0x00007ffcff580000 - 0x00007ffcff5ff000 	C:\WINDOWS\System32\bcryptprimitives.dll
0x00007ffcfe6f0000 - 0x00007ffcfe6fc000 	C:\WINDOWS\SYSTEM32\CRYPTBASE.dll
0x00007ffcfe1a0000 - 0x00007ffcfe1db000 	C:\WINDOWS\SYSTEM32\IPHLPAPI.DLL
0x00007ffcff900000 - 0x00007ffcff908000 	C:\WINDOWS\System32\NSI.dll
0x00007ffcfc060000 - 0x00007ffcfc077000 	C:\WINDOWS\SYSTEM32\dhcpcsvc6.DLL
0x00007ffcfc040000 - 0x00007ffcfc05d000 	C:\WINDOWS\SYSTEM32\dhcpcsvc.DLL
0x00007ffcfe1f0000 - 0x00007ffcfe2bb000 	C:\WINDOWS\SYSTEM32\DNSAPI.dll
0x00007ffcf6920000 - 0x00007ffcf692b000 	C:\WINDOWS\SYSTEM32\WINNSI.DLL

VM Arguments:
jvm_args: -Xmx2048m -Dfile.encoding=UTF-8 -Duser.country=US -Duser.language=en -Duser.variant 
java_command: org.gradle.launcher.daemon.bootstrap.GradleDaemon 6.5
java_class_path (initial): C:\Users\hieub\.gradle\wrapper\dists\gradle-6.5-all\2oz4ud9k3tuxjg84bbf55q0tn\gradle-6.5\lib\gradle-launcher-6.5.jar
Launcher Type: SUN_STANDARD

Environment Variables:
PATH=C:\Python39\Scripts\;C:\Python39\;C:\Program Files\Microsoft MPI\Bin\;C:\Program Files (x86)\Common Files\Oracle\Java\javapath;C:\WINDOWS\system32;C:\WINDOWS;C:\WINDOWS\System32\Wbem;C:\WINDOWS\System32\WindowsPowerShell\v1.0\;C:\WINDOWS\System32\OpenSSH\;C:\Program Files\Java\jdk1.8.0_241\bin;C:\Program Files\dotnet\;C:\Program Files\Microsoft SQL Server\130\Tools\Binn\;C:\Program Files\Java\jre1.8.0_241\bin;C:\netbeans\java\maven\bin;C:\Program Files (x86)\Vim\vim82;C:\_P\Notepad++;C:\Program Files (x86)\NordVPN\;C:\Program Files (x86)\Microsoft SQL Server\110\Tools\Binn\;C:\Program Files\Microsoft SQL Server\110\Tools\Binn\;C:\Program Files\Microsoft SQL Server\110\DTS\Binn\;C:\Program Files (x86)\Microsoft SQL Server\110\Tools\Binn\ManagementStudio\;C:\Program Files (x86)\Microsoft SQL Server\110\DTS\Binn\;C:\Program Files\Git\cmd;C:\Users\hieub\AppData\Local\Microsoft\WindowsApps;C:\Users\hieub\AppData\Roaming\npm;C:\Users\hieub\Desktop;C:\Users\hieub\AppData\Local\Programs\Microsoft VS Code\bin;C:\Users\hieub\Ap;C:\Program Files\nodejs\;C:\ProgramData\chocolatey\bin;C:\Users\hieub\AppData\Local\Microsoft\WindowsApps;C:\Users\hieub\Desktop;C:\Users\hieub\AppData\Local\Programs\Microsoft VS Code\bin;C:\Users\hieub\AppData\Local\Android\Sdk\platform-tools;C:\Users\hieub\AppData\Roaming\npm;D:\SDK\platform-tools;
USERNAME=hieub
OS=Windows_NT
PROCESSOR_IDENTIFIER=Intel64 Family 6 Model 142 Stepping 10, GenuineIntel



---------------  S Y S T E M  ---------------

OS: Windows 10.0 , 64 bit Build 19041 (10.0.19041.546)

CPU:total 8 (initial active 8) (4 cores per cpu, 2 threads per core) family 6 model 142 stepping 10, cmov, cx8, fxsr, mmx, sse, sse2, sse3, ssse3, sse4.1, sse4.2, popcnt, avx, avx2, aes, clmul, erms, 3dnowpref, lzcnt, ht, tsc, tscinvbit, bmi1, bmi2, adx

Memory: 4k page, physical 8266124k(442648k free), swap 12167564k(288k free)

vm_info: OpenJDK 64-Bit Server VM (25.242-b01) for windows-amd64 JRE (1.8.0_242-release-1644-b01), built by "builder" with MS VC++ 10.0 (VS2010)

time: Tue Nov 10 16:47:24 2020
timezone: SE Asia Standard Time
elapsed time: 1613 seconds (0d 0h 26m 53s)

