#
# There is insufficient memory for the Java Runtime Environment to continue.
# Native memory allocation (malloc) failed to allocate 1119056 bytes for Chunk::new
# Possible reasons:
#   The system is out of physical RAM or swap space
#   The process is running with CompressedOops enabled, and the Java Heap may be blocking the growth of the native heap
# Possible solutions:
#   Reduce memory load on the system
#   Increase physical memory or swap space
#   Check if swap backing store is full
#   Decrease Java heap size (-Xmx/-Xms)
#   Decrease number of Java threads
#   Decrease Java thread stack sizes (-Xss)
#   Set larger code cache with -XX:ReservedCodeCacheSize=
#   JVM is running with Unscaled Compressed Oops mode in which the Java heap is
#     placed in the first 4GB address space. The Java Heap base address is the
#     maximum limit for the native heap growth. Please use -XX:HeapBaseMinAddress
#     to set the Java Heap base and to place the Java Heap above 4GB virtual address.
# This output file may be truncated or incomplete.
#
#  Out of Memory Error (allocation.cpp:389), pid=11944, tid=0x000000000000184c
#
# JRE version: OpenJDK Runtime Environment (8.0_242-b01) (build 1.8.0_242-release-1644-b01)
# Java VM: OpenJDK 64-Bit Server VM (25.242-b01 mixed mode windows-amd64 compressed oops)
# Failed to write core dump. Minidumps are not enabled by default on client versions of Windows
#

---------------  T H R E A D  ---------------

Current thread (0x0000000019dda800):  JavaThread "C2 CompilerThread2" daemon [_thread_in_native, id=6220, stack(0x000000001a8a0000,0x000000001a9a0000)]

Stack: [0x000000001a8a0000,0x000000001a9a0000]
[error occurred during error reporting (printing stack bounds), id 0xc0000005]

Native frames: (J=compiled Java code, j=interpreted, Vv=VM code, C=native code)


Current CompileTask:
C2:2671698 26760       4       com.android.tools.r8.graph.l1::a (52 bytes)


---------------  P R O C E S S  ---------------

Java Threads: ( => current thread )
  0x000000002b8b1000 JavaThread "WorkerExecutor Queue Thread 7" [_thread_blocked, id=9368, stack(0x0000000037c50000,0x0000000037d50000)]
  0x000000002b8ac800 JavaThread "WorkerExecutor Queue Thread 6" [_thread_blocked, id=11292, stack(0x0000000037e50000,0x0000000037f50000)]
  0x000000002b8b3000 JavaThread "WorkerExecutor Queue Thread 5" [_thread_blocked, id=9116, stack(0x0000000037d50000,0x0000000037e50000)]
  0x000000002b8b2800 JavaThread "WorkerExecutor Queue Thread 3" [_thread_blocked, id=8452, stack(0x0000000037b50000,0x0000000037c50000)]
  0x000000002b8ae800 JavaThread "WorkerExecutor Queue Thread 2" [_thread_in_native, id=8092, stack(0x0000000035830000,0x0000000035930000)]
  0x000000002b8ad000 JavaThread "WorkerExecutor Queue" [_thread_blocked, id=2580, stack(0x00000000325c0000,0x00000000326c0000)]
  0x000000001f46c000 JavaThread "ForkJoinPool.commonPool-worker-0" daemon [_thread_blocked, id=12628, stack(0x00000000324c0000,0x00000000325c0000)]
  0x000000001f469000 JavaThread "ForkJoinPool.commonPool-worker-7" daemon [_thread_blocked, id=10760, stack(0x00000000323c0000,0x00000000324c0000)]
  0x000000001f468800 JavaThread "ForkJoinPool.commonPool-worker-6" daemon [_thread_blocked, id=4636, stack(0x0000000030c10000,0x0000000030d10000)]
  0x000000001f467800 JavaThread "Cache worker for Java compile cache (F:\Learn_code_on_College\Chuyen-de-di-dong\codeProject\Hotel_Booking_App_Of_Hotel\.gradle\6.5\javaCompile)" [_thread_blocked, id=7836, stack(0x0000000030610000,0x0000000030710000)]
  0x000000001f467000 JavaThread "Cache worker for execution history cache (F:\Learn_code_on_College\Chuyen-de-di-dong\codeProject\Hotel_Booking_App_Of_Hotel\.gradle\6.5\executionHistory)" [_thread_blocked, id=7380, stack(0x0000000030510000,0x0000000030610000)]
  0x000000001f46a800 JavaThread "Execution worker for ':' Thread 7" [_thread_blocked, id=8464, stack(0x0000000030410000,0x0000000030510000)]
  0x000000001f46e000 JavaThread "Execution worker for ':' Thread 6" [_thread_blocked, id=10856, stack(0x0000000030310000,0x0000000030410000)]
  0x000000001f45f800 JavaThread "Execution worker for ':' Thread 5" [_thread_blocked, id=8564, stack(0x000000002fa10000,0x000000002fb10000)]
  0x000000001f464000 JavaThread "Execution worker for ':' Thread 4" [_thread_blocked, id=11148, stack(0x000000002f660000,0x000000002f760000)]
  0x000000001f462800 JavaThread "Execution worker for ':' Thread 3" [_thread_blocked, id=14208, stack(0x000000002f360000,0x000000002f460000)]
  0x000000001f461000 JavaThread "Execution worker for ':' Thread 2" [_thread_blocked, id=12132, stack(0x000000002efe0000,0x000000002f0e0000)]
  0x000000001f463000 JavaThread "Execution worker for ':'" [_thread_blocked, id=10636, stack(0x000000002ece0000,0x000000002ede0000)]
  0x000000001f465800 JavaThread "Cache worker for file content cache (F:\Learn_code_on_College\Chuyen-de-di-dong\codeProject\Hotel_Booking_App_Of_Hotel\.gradle\6.5\fileContent)" [_thread_blocked, id=8756, stack(0x000000002e9e0000,0x000000002eae0000)]
  0x000000001f466000 JavaThread "Cache worker for Build Output Cleanup Cache (F:\Learn_code_on_College\Chuyen-de-di-dong\codeProject\Hotel_Booking_App_Of_Hotel\.gradle\buildOutputCleanup)" [_thread_blocked, id=11076, stack(0x000000002e0d0000,0x000000002e1d0000)]
  0x000000001f464800 JavaThread "jar transforms Thread 564" [_thread_blocked, id=9100, stack(0x000000002c7b0000,0x000000002c8b0000)]
  0x000000002bfb1800 JavaThread "jar transforms Thread 563" [_thread_blocked, id=10084, stack(0x000000002b0a0000,0x000000002b1a0000)]
  0x000000002bfb1000 JavaThread "jar transforms Thread 562" [_thread_blocked, id=10120, stack(0x0000000029e10000,0x0000000029f10000)]
  0x000000002bfb0000 JavaThread "jar transforms Thread 561" [_thread_blocked, id=14172, stack(0x0000000029d10000,0x0000000029e10000)]
  0x000000002bfb2800 JavaThread "jar transforms Thread 560" [_thread_blocked, id=14184, stack(0x0000000029c10000,0x0000000029d10000)]
  0x000000002bfa8800 JavaThread "jar transforms Thread 559" [_thread_blocked, id=6924, stack(0x0000000029b10000,0x0000000029c10000)]
  0x000000002bfae800 JavaThread "jar transforms Thread 558" [_thread_blocked, id=4448, stack(0x0000000029a10000,0x0000000029b10000)]
  0x000000002bfa7000 JavaThread "jar transforms Thread 557" [_thread_blocked, id=1044, stack(0x0000000029910000,0x0000000029a10000)]
  0x000000002bfa5800 JavaThread "jar transforms Thread 556" [_thread_blocked, id=7636, stack(0x0000000029810000,0x0000000029910000)]
  0x000000002bfac800 JavaThread "jar transforms Thread 555" [_thread_blocked, id=9120, stack(0x0000000029710000,0x0000000029810000)]
  0x000000002bfab800 JavaThread "jar transforms Thread 554" [_thread_blocked, id=12368, stack(0x0000000029610000,0x0000000029710000)]
  0x000000002bfa6800 JavaThread "jar transforms Thread 553" [_thread_blocked, id=744, stack(0x0000000029510000,0x0000000029610000)]
  0x000000002bfa4000 JavaThread "jar transforms Thread 552" [_thread_blocked, id=9596, stack(0x0000000029410000,0x0000000029510000)]
  0x000000002bfab000 JavaThread "jar transforms Thread 551" [_thread_blocked, id=11520, stack(0x0000000029310000,0x0000000029410000)]
  0x000000002bfa3800 JavaThread "jar transforms Thread 550" [_thread_blocked, id=11868, stack(0x0000000029210000,0x0000000029310000)]
  0x000000002bfa9800 JavaThread "jar transforms Thread 549" [_thread_blocked, id=12728, stack(0x0000000029110000,0x0000000029210000)]
  0x000000002bfa8000 JavaThread "jar transforms Thread 548" [_thread_blocked, id=11952, stack(0x0000000028eb0000,0x0000000028fb0000)]
  0x000000002bfa5000 JavaThread "jar transforms Thread 547" [_thread_blocked, id=10624, stack(0x0000000028db0000,0x0000000028eb0000)]
  0x000000002bfaa000 JavaThread "jar transforms Thread 546" [_thread_blocked, id=12952, stack(0x0000000028cb0000,0x0000000028db0000)]
  0x000000001ba43000 JavaThread "jar transforms Thread 545" [_thread_blocked, id=10864, stack(0x0000000028bb0000,0x0000000028cb0000)]
  0x000000001ba46000 JavaThread "jar transforms Thread 544" [_thread_blocked, id=6200, stack(0x0000000028ab0000,0x0000000028bb0000)]
  0x000000001ba47000 JavaThread "jar transforms Thread 543" [_thread_blocked, id=2972, stack(0x00000000289b0000,0x0000000028ab0000)]
  0x000000001ba49000 JavaThread "jar transforms Thread 542" [_thread_blocked, id=3408, stack(0x00000000288b0000,0x00000000289b0000)]
  0x000000001ba4a000 JavaThread "jar transforms Thread 541" [_thread_blocked, id=12128, stack(0x00000000287b0000,0x00000000288b0000)]
  0x000000001ba45800 JavaThread "jar transforms Thread 540" [_thread_blocked, id=6720, stack(0x00000000286b0000,0x00000000287b0000)]
  0x000000001ba44000 JavaThread "jar transforms Thread 539" [_thread_blocked, id=10592, stack(0x00000000285b0000,0x00000000286b0000)]
  0x000000001ba44800 JavaThread "jar transforms Thread 538" [_thread_blocked, id=8964, stack(0x00000000284b0000,0x00000000285b0000)]
  0x000000001ba3b800 JavaThread "jar transforms Thread 537" [_thread_blocked, id=7916, stack(0x00000000283b0000,0x00000000284b0000)]
  0x000000001ba3e000 JavaThread "jar transforms Thread 536" [_thread_blocked, id=2952, stack(0x00000000282b0000,0x00000000283b0000)]
  0x000000001ba41000 JavaThread "jar transforms Thread 535" [_thread_blocked, id=7192, stack(0x00000000281b0000,0x00000000282b0000)]
  0x000000001ba3c800 JavaThread "jar transforms Thread 534" [_thread_blocked, id=9632, stack(0x00000000280b0000,0x00000000281b0000)]
  0x000000001ba42800 JavaThread "jar transforms Thread 533" [_thread_blocked, id=13924, stack(0x0000000027fb0000,0x00000000280b0000)]
  0x000000001ba41800 JavaThread "jar transforms Thread 532" [_thread_blocked, id=13904, stack(0x0000000027eb0000,0x0000000027fb0000)]
  0x000000001ba3f800 JavaThread "jar transforms Thread 531" [_thread_blocked, id=3564, stack(0x0000000027db0000,0x0000000027eb0000)]
  0x000000001ba3e800 JavaThread "jar transforms Thread 530" [_thread_blocked, id=2660, stack(0x0000000027cb0000,0x0000000027db0000)]
  0x000000001ba3b000 JavaThread "jar transforms Thread 529" [_thread_blocked, id=2504, stack(0x0000000027bb0000,0x0000000027cb0000)]
  0x000000001ba3d000 JavaThread "jar transforms Thread 528" [_thread_blocked, id=4600, stack(0x0000000027ab0000,0x0000000027bb0000)]
  0x000000001ba40000 JavaThread "jar transforms Thread 527" [_thread_blocked, id=2652, stack(0x00000000279b0000,0x0000000027ab0000)]
  0x0000000021f57800 JavaThread "jar transforms Thread 526" [_thread_blocked, id=8332, stack(0x00000000278b0000,0x00000000279b0000)]
  0x0000000021f51800 JavaThread "jar transforms Thread 525" [_thread_blocked, id=12252, stack(0x00000000277b0000,0x00000000278b0000)]
  0x0000000021f50000 JavaThread "jar transforms Thread 524" [_thread_blocked, id=7160, stack(0x00000000276b0000,0x00000000277b0000)]
  0x0000000021f54800 JavaThread "jar transforms Thread 523" [_thread_blocked, id=13536, stack(0x00000000275b0000,0x00000000276b0000)]
  0x0000000021f56800 JavaThread "jar transforms Thread 522" [_thread_blocked, id=4316, stack(0x00000000274b0000,0x00000000275b0000)]
  0x0000000021f53800 JavaThread "jar transforms Thread 521" [_thread_blocked, id=13456, stack(0x00000000273b0000,0x00000000274b0000)]
  0x0000000021f4f000 JavaThread "jar transforms Thread 520" [_thread_blocked, id=6600, stack(0x00000000272b0000,0x00000000273b0000)]
  0x0000000021f50800 JavaThread "jar transforms Thread 519" [_thread_blocked, id=9716, stack(0x00000000271b0000,0x00000000272b0000)]
  0x0000000021f56000 JavaThread "jar transforms Thread 518" [_thread_blocked, id=11792, stack(0x00000000270b0000,0x00000000271b0000)]
  0x0000000021f55000 JavaThread "jar transforms Thread 517" [_thread_blocked, id=10144, stack(0x0000000026fb0000,0x00000000270b0000)]
  0x0000000021f53000 JavaThread "jar transforms Thread 516" [_thread_blocked, id=4380, stack(0x0000000026eb0000,0x0000000026fb0000)]
  0x0000000021f52000 JavaThread "jar transforms Thread 515" [_thread_blocked, id=6496, stack(0x0000000026db0000,0x0000000026eb0000)]
  0x0000000021f48800 JavaThread "jar transforms Thread 514" [_thread_blocked, id=7312, stack(0x0000000026cb0000,0x0000000026db0000)]
  0x0000000021f4e800 JavaThread "jar transforms Thread 513" [_thread_blocked, id=9496, stack(0x0000000026bb0000,0x0000000026cb0000)]
  0x0000000021f4d800 JavaThread "jar transforms Thread 512" [_thread_blocked, id=10928, stack(0x0000000026ab0000,0x0000000026bb0000)]
  0x0000000021f4d000 JavaThread "jar transforms Thread 511" [_thread_blocked, id=9580, stack(0x00000000269b0000,0x0000000026ab0000)]
  0x0000000021f4b800 JavaThread "jar transforms Thread 510" [_thread_blocked, id=10884, stack(0x00000000268b0000,0x00000000269b0000)]
  0x0000000021f4c000 JavaThread "jar transforms Thread 509" [_thread_blocked, id=3372, stack(0x00000000267b0000,0x00000000268b0000)]
  0x0000000021f4a800 JavaThread "jar transforms Thread 508" [_thread_blocked, id=13164, stack(0x00000000266b0000,0x00000000267b0000)]
  0x000000001bcc5000 JavaThread "jar transforms Thread 507" [_thread_blocked, id=1808, stack(0x00000000265b0000,0x00000000266b0000)]
  0x000000001bcc4800 JavaThread "jar transforms Thread 506" [_thread_blocked, id=12084, stack(0x00000000264b0000,0x00000000265b0000)]
  0x000000001bcc3800 JavaThread "jar transforms Thread 505" [_thread_blocked, id=1388, stack(0x00000000263b0000,0x00000000264b0000)]
  0x000000001bcc3000 JavaThread "jar transforms Thread 504" [_thread_blocked, id=2916, stack(0x00000000262b0000,0x00000000263b0000)]
  0x000000001bcc0800 JavaThread "jar transforms Thread 503" [_thread_blocked, id=5196, stack(0x00000000261b0000,0x00000000262b0000)]
  0x000000001bcc2000 JavaThread "jar transforms Thread 502" [_thread_blocked, id=10716, stack(0x00000000260b0000,0x00000000261b0000)]
  0x000000001bcb9000 JavaThread "jar transforms Thread 501" [_thread_blocked, id=9152, stack(0x0000000025fb0000,0x00000000260b0000)]
  0x000000001bcc0000 JavaThread "jar transforms Thread 500" [_thread_blocked, id=6996, stack(0x0000000025eb0000,0x0000000025fb0000)]
  0x000000001bcbf000 JavaThread "jar transforms Thread 499" [_thread_blocked, id=6504, stack(0x0000000025db0000,0x0000000025eb0000)]
  0x000000001bcbd800 JavaThread "jar transforms Thread 498" [_thread_blocked, id=1804, stack(0x0000000025cb0000,0x0000000025db0000)]
  0x000000001bcbe800 JavaThread "jar transforms Thread 497" [_thread_blocked, id=856, stack(0x0000000025bb0000,0x0000000025cb0000)]
  0x000000001bcb6000 JavaThread "jar transforms Thread 496" [_thread_blocked, id=9760, stack(0x0000000025ab0000,0x0000000025bb0000)]
  0x000000001bcb8800 JavaThread "jar transforms Thread 495" [_thread_blocked, id=7056, stack(0x00000000259b0000,0x0000000025ab0000)]
  0x000000001bcb7800 JavaThread "jar transforms Thread 494" [_thread_blocked, id=7324, stack(0x00000000258b0000,0x00000000259b0000)]
  0x000000001bcbc000 JavaThread "jar transforms Thread 493" [_thread_blocked, id=5580, stack(0x00000000257b0000,0x00000000258b0000)]
  0x000000001bcbb800 JavaThread "jar transforms Thread 492" [_thread_blocked, id=1696, stack(0x00000000256b0000,0x00000000257b0000)]
  0x000000001bcb7000 JavaThread "jar transforms Thread 491" [_thread_blocked, id=8744, stack(0x00000000255b0000,0x00000000256b0000)]
  0x000000001bcba800 JavaThread "jar transforms Thread 490" [_thread_blocked, id=11132, stack(0x00000000254b0000,0x00000000255b0000)]
  0x000000001bcbd000 JavaThread "jar transforms Thread 489" [_thread_blocked, id=5528, stack(0x00000000253b0000,0x00000000254b0000)]
  0x000000001bcba000 JavaThread "jar transforms Thread 488" [_thread_blocked, id=3616, stack(0x00000000252b0000,0x00000000253b0000)]
  0x000000002c36d000 JavaThread "jar transforms Thread 487" [_thread_blocked, id=3360, stack(0x00000000251b0000,0x00000000252b0000)]
  0x000000002c36c000 JavaThread "jar transforms Thread 486" [_thread_blocked, id=2060, stack(0x00000000250b0000,0x00000000251b0000)]
  0x000000002c36a800 JavaThread "jar transforms Thread 485" [_thread_blocked, id=2316, stack(0x0000000024fb0000,0x00000000250b0000)]
  0x000000002c369000 JavaThread "jar transforms Thread 484" [_thread_blocked, id=4296, stack(0x0000000024eb0000,0x0000000024fb0000)]
  0x000000002c368800 JavaThread "jar transforms Thread 483" [_thread_blocked, id=9340, stack(0x0000000024db0000,0x0000000024eb0000)]
  0x000000002c367000 JavaThread "jar transforms Thread 482" [_thread_blocked, id=6740, stack(0x0000000024cb0000,0x0000000024db0000)]
  0x000000002c367800 JavaThread "jar transforms Thread 481" [_thread_blocked, id=4360, stack(0x0000000024bb0000,0x0000000024cb0000)]
  0x000000002c36a000 JavaThread "jar transforms Thread 480" [_thread_blocked, id=12332, stack(0x00000000248b0000,0x00000000249b0000)]
  0x000000002c366000 JavaThread "jar transforms Thread 479" [_thread_blocked, id=4120, stack(0x00000000247b0000,0x00000000248b0000)]
  0x000000002c36b800 JavaThread "jar transforms Thread 478" [_thread_blocked, id=10156, stack(0x00000000246b0000,0x00000000247b0000)]
  0x000000002c35e800 JavaThread "jar transforms Thread 477" [_thread_blocked, id=10600, stack(0x00000000245b0000,0x00000000246b0000)]
  0x000000002c365800 JavaThread "jar transforms Thread 476" [_thread_blocked, id=6484, stack(0x00000000244b0000,0x00000000245b0000)]
  0x000000002c361000 JavaThread "jar transforms Thread 475" [_thread_blocked, id=9300, stack(0x00000000243b0000,0x00000000244b0000)]
  0x000000002c35e000 JavaThread "jar transforms Thread 474" [_thread_blocked, id=12436, stack(0x00000000242b0000,0x00000000243b0000)]
  0x000000002c360000 JavaThread "jar transforms Thread 473" [_thread_blocked, id=5668, stack(0x00000000241b0000,0x00000000242b0000)]
  0x000000002c364800 JavaThread "jar transforms Thread 472" [_thread_blocked, id=7456, stack(0x00000000240b0000,0x00000000241b0000)]
  0x000000002c364000 JavaThread "jar transforms Thread 471" [_thread_blocked, id=13096, stack(0x0000000023fb0000,0x00000000240b0000)]
  0x000000002c363000 JavaThread "Build operations Thread 8" [_thread_blocked, id=3824, stack(0x0000000023eb0000,0x0000000023fb0000)]
  0x000000002c362800 JavaThread "Build operations Thread 7" [_thread_blocked, id=12408, stack(0x0000000023db0000,0x0000000023eb0000)]
  0x000000002c35f800 JavaThread "Build operations Thread 6" [_thread_blocked, id=10404, stack(0x0000000023cb0000,0x0000000023db0000)]
  0x000000002cefb000 JavaThread "Build operations Thread 5" [_thread_blocked, id=7548, stack(0x0000000023bb0000,0x0000000023cb0000)]
  0x000000002cefa800 JavaThread "Build operations Thread 4" [_thread_blocked, id=13368, stack(0x0000000023ab0000,0x0000000023bb0000)]
  0x000000002cef9000 JavaThread "Build operations Thread 3" [_thread_blocked, id=6236, stack(0x00000000239b0000,0x0000000023ab0000)]
  0x000000002cef8000 JavaThread "Build operations Thread 2" [_thread_blocked, id=13824, stack(0x00000000238b0000,0x00000000239b0000)]
  0x000000002cef6800 JavaThread "Build operations" [_thread_blocked, id=9284, stack(0x00000000237b0000,0x00000000238b0000)]
  0x000000002ceee800 JavaThread "Cache worker for cache directory md-rule (C:\Users\hieub\.gradle\caches\6.5\md-rule)" [_thread_blocked, id=9144, stack(0x0000000022fb0000,0x00000000230b0000)]
  0x000000002cef5000 JavaThread "Cache worker for cache directory md-supplier (C:\Users\hieub\.gradle\caches\6.5\md-supplier)" [_thread_blocked, id=11312, stack(0x00000000227b0000,0x00000000228b0000)]
  0x000000002cef1800 JavaThread "Cache worker for checksums cache (F:\Learn_code_on_College\Chuyen-de-di-dong\codeProject\Hotel_Booking_App_Of_Hotel\.gradle\checksums)" [_thread_blocked, id=13024, stack(0x00000000226b0000,0x00000000227b0000)]
  0x000000002cef4800 JavaThread "Cache worker for file hash cache (F:\Learn_code_on_College\Chuyen-de-di-dong\codeProject\Hotel_Booking_App_Of_Hotel\.gradle\6.5\fileHashes)" [_thread_blocked, id=2072, stack(0x0000000021360000,0x0000000021460000)]
  0x000000002cef0800 JavaThread "Thread-684" [_thread_blocked, id=10232, stack(0x0000000021060000,0x0000000021160000)]
  0x000000002ceed800 JavaThread "Stdin handler" [_thread_blocked, id=11560, stack(0x000000001e8c0000,0x000000001e9c0000)]
  0x000000002ceef000 JavaThread "Asynchronous log dispatcher for DefaultDaemonConnection: socket connection from /127.0.0.1:51544 to /127.0.0.1:64106" [_thread_blocked, id=7824, stack(0x000000001e5c0000,0x000000001e6c0000)]
  0x000000002cef0000 JavaThread "Daemon worker Thread 6" [_thread_blocked, id=272, stack(0x000000001e1c0000,0x000000001e2c0000)]
  0x000000002cef3000 JavaThread "Cancel handler" [_thread_blocked, id=5732, stack(0x000000001db80000,0x000000001dc80000)]
  0x000000002cef2000 JavaThread "Handler for socket connection from /127.0.0.1:51544 to /127.0.0.1:64106" [_thread_in_native, id=5860, stack(0x000000001da80000,0x000000001db80000)]
  0x000000002cef3800 JavaThread "Daemon Thread 6" [_thread_blocked, id=3272, stack(0x00000000010d0000,0x00000000011d0000)]
  0x000000002cef9800 JavaThread "Cache worker for Java compile cache (C:\Users\hieub\.gradle\caches\6.5\javaCompile)" [_thread_blocked, id=6124, stack(0x0000000030710000,0x0000000030810000)]
  0x000000001f46d000 JavaThread "Memory manager" [_thread_blocked, id=6604, stack(0x0000000029010000,0x0000000029110000)]
  0x000000001c977000 JavaThread "Cache worker for file content cache (C:\Users\hieub\.gradle\caches\6.5\fileContent)" [_thread_blocked, id=4928, stack(0x00000000230b0000,0x00000000231b0000)]
  0x000000001c972800 JavaThread "Cache worker for execution history cache (C:\Users\hieub\.gradle\caches\6.5\executionHistory)" [_thread_blocked, id=3172, stack(0x00000000228b0000,0x00000000229b0000)]
  0x000000001c973800 JavaThread "Cache worker for file hash cache (C:\Users\hieub\.gradle\caches\6.5\fileHashes)" [_thread_blocked, id=4780, stack(0x000000001edc0000,0x000000001eec0000)]
  0x000000001c972000 JavaThread "File lock request listener" [_thread_in_native, id=7920, stack(0x000000001ecc0000,0x000000001edc0000)]
  0x000000001b044800 JavaThread "Cache worker for journal cache (C:\Users\hieub\.gradle\caches\journal-1)" [_thread_blocked, id=4912, stack(0x000000001ebc0000,0x000000001ecc0000)]
  0x000000001c807800 JavaThread "Daemon periodic checks" [_thread_blocked, id=4536, stack(0x000000001dec0000,0x000000001dfc0000)]
  0x000000001c7fd000 JavaThread "Incoming local TCP Connector on port 51544" [_thread_in_native, id=2836, stack(0x000000001dc80000,0x000000001dd80000)]
  0x000000001ada2800 JavaThread "Daemon health stats" [_thread_blocked, id=7892, stack(0x000000001d640000,0x000000001d740000)]
  0x0000000019e6b000 JavaThread "Service Thread" daemon [_thread_blocked, id=6460, stack(0x000000001aaa0000,0x000000001aba0000)]
  0x0000000019de2000 JavaThread "C1 CompilerThread3" daemon [_thread_blocked, id=5868, stack(0x000000001a9a0000,0x000000001aaa0000)]
=>0x0000000019dda800 JavaThread "C2 CompilerThread2" daemon [_thread_in_native, id=6220, stack(0x000000001a8a0000,0x000000001a9a0000)]
  0x0000000019dd9000 JavaThread "C2 CompilerThread1" daemon [_thread_in_native, id=4032, stack(0x000000001a7a0000,0x000000001a8a0000)]
  0x0000000019dd5000 JavaThread "C2 CompilerThread0" daemon [_thread_in_native, id=3176, stack(0x000000001a6a0000,0x000000001a7a0000)]
  0x0000000019dd0000 JavaThread "Attach Listener" daemon [_thread_blocked, id=7304, stack(0x000000001a5a0000,0x000000001a6a0000)]
  0x0000000019dcf000 JavaThread "Signal Dispatcher" daemon [_thread_blocked, id=8656, stack(0x000000001a4a0000,0x000000001a5a0000)]
  0x0000000019dc1000 JavaThread "Finalizer" daemon [_thread_blocked, id=6644, stack(0x000000001a2a0000,0x000000001a3a0000)]
  0x0000000019dc0800 JavaThread "Reference Handler" daemon [_thread_blocked, id=1564, stack(0x000000001a1a0000,0x000000001a2a0000)]
  0x0000000002e52800 JavaThread "main" [_thread_blocked, id=10356, stack(0x0000000002ca0000,0x0000000002da0000)]

Other Threads:
  0x0000000017fb8000 VMThread [stack: 0x0000000019ca0000,0x0000000019da0000] [id=7296]
  0x0000000019e6b800 WatcherThread [stack: 0x000000001aba0000,0x000000001aca0000] [id=11784]

VM state:not at safepoint (normal execution)

VM Mutex/Monitor currently owned by a thread: None

heap address: 0x0000000080000000, size: 2048 MB, Compressed Oops mode: 32-bit
Narrow klass base: 0x0000000000000000, Narrow klass shift: 3
Compressed class space size: 1073741824 Address: 0x0000000100000000

Heap:
 PSYoungGen      total 505344K, used 287807K [0x00000000d5580000, 0x00000000ff900000, 0x0000000100000000)
  eden space 327168K, 84% used [0x00000000d5580000,0x00000000e6331db8,0x00000000e9500000)
  from space 178176K, 6% used [0x00000000f4b00000,0x00000000f565e030,0x00000000ff900000)
  to   space 182272K, 0% used [0x00000000e9500000,0x00000000e9500000,0x00000000f4700000)
 ParOldGen       total 464384K, used 251980K [0x0000000080000000, 0x000000009c580000, 0x00000000d5580000)
  object space 464384K, 54% used [0x0000000080000000,0x000000008f613048,0x000000009c580000)
 Metaspace       used 126159K, capacity 132756K, committed 133016K, reserved 1165312K
  class space    used 16338K, capacity 17497K, committed 17584K, reserved 1048576K

Card table byte_map: [0x0000000012310000,0x0000000012720000] byte_map_base: 0x0000000011f10000

Marking Bits: (ParMarkBitMap*) 0x00000000515af030
 Begin Bits: [0x00000000131d0000, 0x00000000151d0000)
 End Bits:   [0x00000000151d0000, 0x00000000171d0000)

Polling page: 0x00000000014e0000

CodeCache: size=245760Kb used=73745Kb max_used=73745Kb free=172014Kb
 bounds [0x0000000002f50000, 0x00000000077b0000, 0x0000000011f50000]
 total_blobs=21793 nmethods=20921 adapters=782
 compilation: enabled

Compilation events (10 events):
Event: 2671.656 Thread 0x0000000019de2000 26803       3       com.sun.org.apache.xerces.internal.impl.dtd.XMLDTDValidator::setProperty (1 bytes)
Event: 2671.656 Thread 0x0000000019de2000 nmethod 26803 0x00000000077ab090 code [0x00000000077ab1e0, 0x00000000077ab330]
Event: 2671.656 Thread 0x0000000019de2000 26804       3       com.sun.org.apache.xerces.internal.impl.dtd.XMLDTDProcessor::setProperty (1 bytes)
Event: 2671.657 Thread 0x0000000019de2000 nmethod 26804 0x00000000077ab390 code [0x00000000077ab4e0, 0x00000000077ab630]
Event: 2671.657 Thread 0x0000000019de2000 26805       3       com.sun.org.apache.xerces.internal.impl.XMLEntityManager::setProperty (235 bytes)
Event: 2671.658 Thread 0x0000000019de2000 nmethod 26805 0x00000000077ab690 code [0x00000000077ab980, 0x00000000077adb28]
Event: 2671.659 Thread 0x0000000019de2000 26806       3       com.sun.org.apache.xerces.internal.impl.XMLErrorReporter::setProperty (47 bytes)
Event: 2671.659 Thread 0x0000000019de2000 nmethod 26806 0x00000000077ae7d0 code [0x00000000077ae9a0, 0x00000000077af2f8]
Event: 2671.659 Thread 0x0000000019de2000 26807       3       com.sun.org.apache.xerces.internal.util.ParserConfigurationSettings::setProperty (39 bytes)
Event: 2671.659 Thread 0x0000000019de2000 nmethod 26807 0x00000000077af650 code [0x00000000077af7e0, 0x00000000077afca8]

GC Heap History (10 events):
Event: 2056.194 GC heap before
{Heap before GC invocations=31 (full 6):
 PSYoungGen      total 480256K, used 397470K [0x00000000d5580000, 0x00000000ff400000, 0x0000000100000000)
  eden space 294400K, 100% used [0x00000000d5580000,0x00000000e7500000,0x00000000e7500000)
  from space 185856K, 55% used [0x00000000f3e80000,0x00000000fa327b10,0x00000000ff400000)
  to   space 196096K, 0% used [0x00000000e7500000,0x00000000e7500000,0x00000000f3480000)
 ParOldGen       total 339456K, used 163315K [0x0000000080000000, 0x0000000094b80000, 0x00000000d5580000)
  object space 339456K, 48% used [0x0000000080000000,0x0000000089f7cfa0,0x0000000094b80000)
 Metaspace       used 120706K, capacity 126858K, committed 127640K, reserved 1159168K
  class space    used 15891K, capacity 17006K, committed 17328K, reserved 1048576K
Event: 2056.402 GC heap after
Heap after GC invocations=31 (full 6):
 PSYoungGen      total 490496K, used 44378K [0x00000000d5580000, 0x00000000ffe00000, 0x0000000100000000)
  eden space 294400K, 0% used [0x00000000d5580000,0x00000000d5580000,0x00000000e7500000)
  from space 196096K, 22% used [0x00000000e7500000,0x00000000ea0568d8,0x00000000f3480000)
  to   space 189952K, 0% used [0x00000000f4480000,0x00000000f4480000,0x00000000ffe00000)
 ParOldGen       total 339456K, used 259905K [0x0000000080000000, 0x0000000094b80000, 0x00000000d5580000)
  object space 339456K, 76% used [0x0000000080000000,0x000000008fdd0788,0x0000000094b80000)
 Metaspace       used 120706K, capacity 126858K, committed 127640K, reserved 1159168K
  class space    used 15891K, capacity 17006K, committed 17328K, reserved 1048576K
}
Event: 2056.402 GC heap before
{Heap before GC invocations=32 (full 7):
 PSYoungGen      total 490496K, used 44378K [0x00000000d5580000, 0x00000000ffe00000, 0x0000000100000000)
  eden space 294400K, 0% used [0x00000000d5580000,0x00000000d5580000,0x00000000e7500000)
  from space 196096K, 22% used [0x00000000e7500000,0x00000000ea0568d8,0x00000000f3480000)
  to   space 189952K, 0% used [0x00000000f4480000,0x00000000f4480000,0x00000000ffe00000)
 ParOldGen       total 339456K, used 259905K [0x0000000080000000, 0x0000000094b80000, 0x00000000d5580000)
  object space 339456K, 76% used [0x0000000080000000,0x000000008fdd0788,0x0000000094b80000)
 Metaspace       used 120706K, capacity 126858K, committed 127640K, reserved 1159168K
  class space    used 15891K, capacity 17006K, committed 17328K, reserved 1048576K
Event: 2057.285 GC heap after
Heap after GC invocations=32 (full 7):
 PSYoungGen      total 490496K, used 0K [0x00000000d5580000, 0x00000000ffe00000, 0x0000000100000000)
  eden space 294400K, 0% used [0x00000000d5580000,0x00000000d5580000,0x00000000e7500000)
  from space 196096K, 0% used [0x00000000e7500000,0x00000000e7500000,0x00000000f3480000)
  to   space 189952K, 0% used [0x00000000f4480000,0x00000000f4480000,0x00000000ffe00000)
 ParOldGen       total 464384K, used 251956K [0x0000000080000000, 0x000000009c580000, 0x00000000d5580000)
  object space 464384K, 54% used [0x0000000080000000,0x000000008f60d048,0x000000009c580000)
 Metaspace       used 120627K, capacity 126620K, committed 127640K, reserved 1159168K
  class space    used 15865K, capacity 16961K, committed 17328K, reserved 1048576K
}
Event: 2181.863 GC heap before
{Heap before GC invocations=33 (full 7):
 PSYoungGen      total 490496K, used 294400K [0x00000000d5580000, 0x00000000ffe00000, 0x0000000100000000)
  eden space 294400K, 100% used [0x00000000d5580000,0x00000000e7500000,0x00000000e7500000)
  from space 196096K, 0% used [0x00000000e7500000,0x00000000e7500000,0x00000000f3480000)
  to   space 189952K, 0% used [0x00000000f4480000,0x00000000f4480000,0x00000000ffe00000)
 ParOldGen       total 464384K, used 251956K [0x0000000080000000, 0x000000009c580000, 0x00000000d5580000)
  object space 464384K, 54% used [0x0000000080000000,0x000000008f60d048,0x000000009c580000)
 Metaspace       used 124977K, capacity 131272K, committed 131736K, reserved 1163264K
  class space    used 16246K, capacity 17377K, committed 17584K, reserved 1048576K
Event: 2181.909 GC heap after
Heap after GC invocations=33 (full 7):
 PSYoungGen      total 491520K, used 29147K [0x00000000d5580000, 0x00000000ff300000, 0x0000000100000000)
  eden space 312832K, 0% used [0x00000000d5580000,0x00000000d5580000,0x00000000e8700000)
  from space 178688K, 16% used [0x00000000f4480000,0x00000000f60f6f08,0x00000000ff300000)
  to   space 186368K, 0% used [0x00000000e8700000,0x00000000e8700000,0x00000000f3d00000)
 ParOldGen       total 464384K, used 251964K [0x0000000080000000, 0x000000009c580000, 0x00000000d5580000)
  object space 464384K, 54% used [0x0000000080000000,0x000000008f60f048,0x000000009c580000)
 Metaspace       used 124977K, capacity 131272K, committed 131736K, reserved 1163264K
  class space    used 16246K, capacity 17377K, committed 17584K, reserved 1048576K
}
Event: 2495.334 GC heap before
{Heap before GC invocations=34 (full 7):
 PSYoungGen      total 491520K, used 341979K [0x00000000d5580000, 0x00000000ff300000, 0x0000000100000000)
  eden space 312832K, 100% used [0x00000000d5580000,0x00000000e8700000,0x00000000e8700000)
  from space 178688K, 16% used [0x00000000f4480000,0x00000000f60f6f08,0x00000000ff300000)
  to   space 186368K, 0% used [0x00000000e8700000,0x00000000e8700000,0x00000000f3d00000)
 ParOldGen       total 464384K, used 251964K [0x0000000080000000, 0x000000009c580000, 0x00000000d5580000)
  object space 464384K, 54% used [0x0000000080000000,0x000000008f60f048,0x000000009c580000)
 Metaspace       used 125322K, capacity 131790K, committed 132248K, reserved 1163264K
  class space    used 16268K, capacity 17416K, committed 17584K, reserved 1048576K
Event: 2495.372 GC heap after
Heap after GC invocations=34 (full 7):
 PSYoungGen      total 499200K, used 7450K [0x00000000d5580000, 0x0000000100000000, 0x0000000100000000)
  eden space 312832K, 0% used [0x00000000d5580000,0x00000000d5580000,0x00000000e8700000)
  from space 186368K, 3% used [0x00000000e8700000,0x00000000e8e46aa0,0x00000000f3d00000)
  to   space 185344K, 0% used [0x00000000f4b00000,0x00000000f4b00000,0x0000000100000000)
 ParOldGen       total 464384K, used 251972K [0x0000000080000000, 0x000000009c580000, 0x00000000d5580000)
  object space 464384K, 54% used [0x0000000080000000,0x000000008f611048,0x000000009c580000)
 Metaspace       used 125322K, capacity 131790K, committed 132248K, reserved 1163264K
  class space    used 16268K, capacity 17416K, committed 17584K, reserved 1048576K
}
Event: 2662.822 GC heap before
{Heap before GC invocations=35 (full 7):
 PSYoungGen      total 499200K, used 320282K [0x00000000d5580000, 0x0000000100000000, 0x0000000100000000)
  eden space 312832K, 100% used [0x00000000d5580000,0x00000000e8700000,0x00000000e8700000)
  from space 186368K, 3% used [0x00000000e8700000,0x00000000e8e46aa0,0x00000000f3d00000)
  to   space 185344K, 0% used [0x00000000f4b00000,0x00000000f4b00000,0x0000000100000000)
 ParOldGen       total 464384K, used 251972K [0x0000000080000000, 0x000000009c580000, 0x00000000d5580000)
  object space 464384K, 54% used [0x0000000080000000,0x000000008f611048,0x000000009c580000)
 Metaspace       used 125563K, capacity 132150K, committed 132504K, reserved 1165312K
  class space    used 16285K, capacity 17444K, committed 17584K, reserved 1048576K
Event: 2662.840 GC heap after
Heap after GC invocations=35 (full 7):
 PSYoungGen      total 505344K, used 11640K [0x00000000d5580000, 0x00000000ff900000, 0x0000000100000000)
  eden space 327168K, 0% used [0x00000000d5580000,0x00000000d5580000,0x00000000e9500000)
  from space 178176K, 6% used [0x00000000f4b00000,0x00000000f565e030,0x00000000ff900000)
  to   space 182272K, 0% used [0x00000000e9500000,0x00000000e9500000,0x00000000f4700000)
 ParOldGen       total 464384K, used 251980K [0x0000000080000000, 0x000000009c580000, 0x00000000d5580000)
  object space 464384K, 54% used [0x0000000080000000,0x000000008f613048,0x000000009c580000)
 Metaspace       used 125563K, capacity 132150K, committed 132504K, reserved 1165312K
  class space    used 16285K, capacity 17444K, committed 17584K, reserved 1048576K
}

Deoptimization events (10 events):
Event: 2667.997 Thread 0x000000002b8b2800 Uncommon trap: reason=class_check action=maybe_recompile pc=0x0000000004ec8e08 method=com.android.tools.r8.graph.u.collectMixedSectionItems(Lcom/android/tools/r8/dex/F;)V @ 2
Event: 2667.997 Thread 0x000000002b8b2800 Uncommon trap: reason=class_check action=maybe_recompile pc=0x0000000007163b88 method=com.android.tools.r8.graph.x.collectMixedSectionItems(Lcom/android/tools/r8/dex/F;)V @ 4
Event: 2667.997 Thread 0x000000002b8b2800 Uncommon trap: reason=class_check action=maybe_recompile pc=0x0000000004ec8e08 method=com.android.tools.r8.graph.u.collectMixedSectionItems(Lcom/android/tools/r8/dex/F;)V @ 2
Event: 2667.998 Thread 0x000000002b8b2800 Uncommon trap: reason=class_check action=maybe_recompile pc=0x0000000007160658 method=com.android.tools.r8.graph.x.collectMixedSectionItems(Lcom/android/tools/r8/dex/F;)V @ 4
Event: 2667.998 Thread 0x000000002b8b2800 Uncommon trap: reason=class_check action=maybe_recompile pc=0x0000000004ec8e08 method=com.android.tools.r8.graph.u.collectMixedSectionItems(Lcom/android/tools/r8/dex/F;)V @ 2
Event: 2667.998 Thread 0x000000002b8b2800 Uncommon trap: reason=class_check action=maybe_recompile pc=0x0000000007163b68 method=com.android.tools.r8.graph.u.collectMixedSectionItems(Lcom/android/tools/r8/dex/F;)V @ 2
Event: 2667.999 Thread 0x000000002b8b2800 Uncommon trap: reason=null_check action=make_not_entrant pc=0x00000000071d6d98 method=com.android.tools.r8.graph.Q0.a(Lcom/android/tools/r8/graph/j0;)Lcom/android/tools/r8/graph/f0; @ 51
Event: 2667.999 Thread 0x000000002b8b2800 Uncommon trap: reason=unstable_if action=reinterpret pc=0x00000000068feb58 method=com.android.tools.r8.t.a.a.a.h.N.a(Ljava/lang/Object;I)I @ 132
Event: 2671.595 Thread 0x000000002b8b4800 Uncommon trap: reason=class_check action=maybe_recompile pc=0x0000000006162cec method=com.android.tools.r8.dex.m.c(I)V @ 108
Event: 2671.644 Thread 0x000000002cef0000 Uncommon trap: reason=speculate_class_check action=maybe_recompile pc=0x0000000005567720 method=com.google.common.collect.CompactHashMap$Itr.<init>(Lcom/google/common/collect/CompactHashMap;)V @ 25

Classes redefined (0 events):
No events

Internal exceptions (10 events):
Event: 2664.791 Thread 0x000000001f46e000 Exception <a 'sun/nio/fs/WindowsException'> (0x00000000dd992260) thrown at [C:\src\AOSP-openjdk-git\hotspot\src\share\vm\prims\jni.cpp, line 710]
Event: 2664.948 Thread 0x000000001f469000 Exception <a 'sun/nio/fs/WindowsException'> (0x00000000e0085150) thrown at [C:\src\AOSP-openjdk-git\hotspot\src\share\vm\prims\jni.cpp, line 710]
Event: 2667.930 Thread 0x000000002b8b2800 Exception <a 'sun/nio/fs/WindowsException'> (0x00000000e209c880) thrown at [C:\src\AOSP-openjdk-git\hotspot\src\share\vm\prims\jni.cpp, line 710]
Event: 2667.957 Thread 0x000000002b8b2800 Implicit null exception at 0x00000000070819ef to 0x0000000007086e71
Event: 2667.999 Thread 0x000000002b8b2800 Implicit null exception at 0x00000000071d0e3c to 0x00000000071d6d81
Event: 2668.002 Thread 0x000000002b8b2800 Exception <a 'sun/nio/fs/WindowsException'> (0x00000000e250acb8) thrown at [C:\src\AOSP-openjdk-git\hotspot\src\share\vm\prims\jni.cpp, line 710]
Event: 2668.008 Thread 0x000000002b8b2800 Exception <a 'sun/nio/fs/WindowsException'> (0x00000000e2598d98) thrown at [C:\src\AOSP-openjdk-git\hotspot\src\share\vm\prims\jni.cpp, line 710]
Event: 2668.020 Thread 0x000000002b8b2800 Exception <a 'sun/nio/fs/WindowsException'> (0x00000000e25e37f0) thrown at [C:\src\AOSP-openjdk-git\hotspot\src\share\vm\prims\jni.cpp, line 710]
Event: 2671.450 Thread 0x000000002b8b3000 Exception <a 'sun/nio/fs/WindowsException'> (0x00000000e3861ad0) thrown at [C:\src\AOSP-openjdk-git\hotspot\src\share\vm\prims\jni.cpp, line 710]
Event: 2671.627 Thread 0x000000002b8b4800 Exception <a 'sun/nio/fs/WindowsException'> (0x00000000e623ba58) thrown at [C:\src\AOSP-openjdk-git\hotspot\src\share\vm\prims\jni.cpp, line 710]

Events (10 events):
Event: 2671.631 Thread 0x000000002b8b4800 Thread exited: 0x000000002b8b4800
Event: 2671.631 Executing VM operation: RevokeBias
Event: 2671.631 Executing VM operation: RevokeBias done
Event: 2671.631 Thread 0x000000002b8b1000 Thread exited: 0x000000002b8b1000
Event: 2671.644 Thread 0x000000002cef0000 Uncommon trap: trap_request=0xffffff76 fr.pc=0x0000000005567720
Event: 2671.644 Thread 0x000000002cef0000 DEOPT PACKING pc=0x0000000005567720 sp=0x000000001e2bae80
Event: 2671.644 Thread 0x000000002cef0000 DEOPT UNPACKING pc=0x0000000002f9557b sp=0x000000001e2baca8 mode 2
Event: 2671.649 Thread 0x000000002b8b1000 Thread added: 0x000000002b8b1000
Event: 2671.658 loading class com/google/common/collect/HashBiMap$Inverse
Event: 2671.658 loading class com/google/common/collect/HashBiMap$Inverse done


Dynamic libraries:
0x00007ff60b400000 - 0x00007ff60b431000 	C:\Program Files\Android\Android Studio\jre\bin\java.exe
0x00007ffd0bd90000 - 0x00007ffd0bf86000 	C:\WINDOWS\SYSTEM32\ntdll.dll
0x00007ffd0b520000 - 0x00007ffd0b5dd000 	C:\WINDOWS\System32\KERNEL32.DLL
0x00007ffd09920000 - 0x00007ffd09be9000 	C:\WINDOWS\System32\KERNELBASE.dll
0x00007ffd0a1b0000 - 0x00007ffd0a25c000 	C:\WINDOWS\System32\ADVAPI32.dll
0x00007ffd0bcb0000 - 0x00007ffd0bd4e000 	C:\WINDOWS\System32\msvcrt.dll
0x00007ffd0a260000 - 0x00007ffd0a2fc000 	C:\WINDOWS\System32\sechost.dll
0x00007ffd0b330000 - 0x00007ffd0b45b000 	C:\WINDOWS\System32\RPCRT4.dll
0x00007ffd09df0000 - 0x00007ffd09f90000 	C:\WINDOWS\System32\USER32.dll
0x00007ffd094d0000 - 0x00007ffd094f2000 	C:\WINDOWS\System32\win32u.dll
0x00007ffd0b300000 - 0x00007ffd0b32a000 	C:\WINDOWS\System32\GDI32.dll
0x00007ffd09810000 - 0x00007ffd09919000 	C:\WINDOWS\System32\gdi32full.dll
0x00007ffd09c50000 - 0x00007ffd09ced000 	C:\WINDOWS\System32\msvcp_win.dll
0x00007ffd09cf0000 - 0x00007ffd09df0000 	C:\WINDOWS\System32\ucrtbase.dll
0x00007ffcf5330000 - 0x00007ffcf55cb000 	C:\WINDOWS\WinSxS\amd64_microsoft.windows.common-controls_6595b64144ccf1df_6.0.19041.488_none_ca04af081b815d21\COMCTL32.dll
0x00007ffd0b150000 - 0x00007ffd0b180000 	C:\WINDOWS\System32\IMM32.DLL
0x0000000050d00000 - 0x0000000050dd2000 	C:\Program Files\Android\Android Studio\jre\jre\bin\msvcr100.dll
0x0000000050de0000 - 0x000000005162b000 	C:\Program Files\Android\Android Studio\jre\jre\bin\server\jvm.dll
0x00007ffd0b510000 - 0x00007ffd0b518000 	C:\WINDOWS\System32\PSAPI.DLL
0x00007ffcf1fc0000 - 0x00007ffcf1fc9000 	C:\WINDOWS\SYSTEM32\WSOCK32.dll
0x00007ffd027e0000 - 0x00007ffd027ea000 	C:\WINDOWS\SYSTEM32\VERSION.dll
0x00007ffcf2fa0000 - 0x00007ffcf2fc7000 	C:\WINDOWS\SYSTEM32\WINMM.dll
0x00007ffd0b770000 - 0x00007ffd0b7db000 	C:\WINDOWS\System32\WS2_32.dll
0x00007ffd03af0000 - 0x00007ffd03aff000 	C:\Program Files\Android\Android Studio\jre\jre\bin\verify.dll
0x00007ffd01b50000 - 0x00007ffd01b79000 	C:\Program Files\Android\Android Studio\jre\jre\bin\java.dll
0x00007ffd01b30000 - 0x00007ffd01b46000 	C:\Program Files\Android\Android Studio\jre\jre\bin\zip.dll
0x00007ffd0a570000 - 0x00007ffd0acb2000 	C:\WINDOWS\System32\SHELL32.dll
0x00007ffd07600000 - 0x00007ffd07d95000 	C:\WINDOWS\SYSTEM32\windows.storage.dll
0x00007ffd0acd0000 - 0x00007ffd0b026000 	C:\WINDOWS\System32\combase.dll
0x00007ffd08f40000 - 0x00007ffd08f6c000 	C:\WINDOWS\SYSTEM32\Wldp.dll
0x00007ffd0b460000 - 0x00007ffd0b50e000 	C:\WINDOWS\System32\SHCORE.dll
0x00007ffd0a300000 - 0x00007ffd0a355000 	C:\WINDOWS\System32\shlwapi.dll
0x00007ffd09400000 - 0x00007ffd09426000 	C:\WINDOWS\SYSTEM32\profapi.dll
0x00007ffd01b10000 - 0x00007ffd01b2a000 	C:\Program Files\Android\Android Studio\jre\jre\bin\net.dll
0x00007ffd08cc0000 - 0x00007ffd08d2a000 	C:\WINDOWS\system32\mswsock.dll
0x00007ffd01a70000 - 0x00007ffd01a83000 	C:\Program Files\Android\Android Studio\jre\jre\bin\nio.dll
0x00007ffd04520000 - 0x00007ffd04547000 	C:\Users\hieub\.gradle\native\f6784746aeab05261644944871eae4fe03e0ef1612fff0a4a95f87b438bc6780\windows-amd64\native-platform.dll
0x00007ffd03620000 - 0x00007ffd0362d000 	C:\Program Files\Android\Android Studio\jre\jre\bin\management.dll
0x00007ffd08e90000 - 0x00007ffd08ea8000 	C:\WINDOWS\SYSTEM32\CRYPTSP.dll
0x00007ffd085e0000 - 0x00007ffd08614000 	C:\WINDOWS\system32\rsaenh.dll
0x00007ffd09660000 - 0x00007ffd09687000 	C:\WINDOWS\System32\bcrypt.dll
0x00007ffd09380000 - 0x00007ffd093ae000 	C:\WINDOWS\SYSTEM32\USERENV.dll
0x00007ffd09740000 - 0x00007ffd097c0000 	C:\WINDOWS\System32\bcryptprimitives.dll
0x00007ffd08eb0000 - 0x00007ffd08ebc000 	C:\WINDOWS\SYSTEM32\CRYPTBASE.dll
0x00007ffd08960000 - 0x00007ffd0899b000 	C:\WINDOWS\SYSTEM32\IPHLPAPI.DLL
0x00007ffd09f90000 - 0x00007ffd09f98000 	C:\WINDOWS\System32\NSI.dll
0x00007ffd068d0000 - 0x00007ffd068e7000 	C:\WINDOWS\SYSTEM32\dhcpcsvc6.DLL
0x00007ffd068b0000 - 0x00007ffd068cd000 	C:\WINDOWS\SYSTEM32\dhcpcsvc.DLL
0x00007ffd089a0000 - 0x00007ffd08a6b000 	C:\WINDOWS\SYSTEM32\DNSAPI.dll
0x00007ffd00ce0000 - 0x00007ffd00ceb000 	C:\WINDOWS\SYSTEM32\WINNSI.DLL

VM Arguments:
jvm_args: -Xmx2048m -Dfile.encoding=UTF-8 -Duser.country=US -Duser.language=en -Duser.variant 
java_command: org.gradle.launcher.daemon.bootstrap.GradleDaemon 6.5
java_class_path (initial): C:\Users\hieub\.gradle\wrapper\dists\gradle-6.5-bin\6nifqtx7604sqp1q6g8wikw7p\gradle-6.5\lib\gradle-launcher-6.5.jar
Launcher Type: SUN_STANDARD

Environment Variables:
PATH=C:\Python39\Scripts\;C:\Python39\;C:\Program Files\Microsoft MPI\Bin\;C:\Program Files (x86)\Common Files\Oracle\Java\javapath;C:\WINDOWS\system32;C:\WINDOWS;C:\WINDOWS\System32\Wbem;C:\WINDOWS\System32\WindowsPowerShell\v1.0\;C:\WINDOWS\System32\OpenSSH\;C:\Program Files\Java\jdk1.8.0_241\bin;C:\Program Files\dotnet\;C:\Program Files\Microsoft SQL Server\130\Tools\Binn\;C:\Program Files\Java\jre1.8.0_241\bin;C:\netbeans\java\maven\bin;C:\Program Files (x86)\Vim\vim82;C:\_P\Notepad++;C:\Program Files (x86)\NordVPN\;C:\Program Files (x86)\Microsoft SQL Server\110\Tools\Binn\;C:\Program Files\Microsoft SQL Server\110\Tools\Binn\;C:\Program Files\Microsoft SQL Server\110\DTS\Binn\;C:\Program Files (x86)\Microsoft SQL Server\110\Tools\Binn\ManagementStudio\;C:\Program Files (x86)\Microsoft SQL Server\110\DTS\Binn\;C:\Program Files\Git\cmd;C:\Users\hieub\AppData\Local\Microsoft\WindowsApps;C:\Users\hieub\AppData\Roaming\npm;C:\Users\hieub\Desktop;C:\Users\hieub\AppData\Local\Programs\Microsoft VS Code\bin;C:\Users\hieub\Ap;C:\Program Files\nodejs\;C:\ProgramData\chocolatey\bin;C:\Users\hieub\AppData\Local\Microsoft\WindowsApps;C:\Users\hieub\Desktop;C:\Users\hieub\AppData\Local\Programs\Microsoft VS Code\bin;C:\Users\hieub\AppData\Local\Android\Sdk\platform-tools;C:\Users\hieub\AppData\Roaming\npm;D:\SDK\platform-tools;;C:\Program Files\JetBrains\IntelliJ IDEA Community Edition 2020.2.3\bin;
USERNAME=hieub
OS=Windows_NT
PROCESSOR_IDENTIFIER=Intel64 Family 6 Model 142 Stepping 10, GenuineIntel



---------------  S Y S T E M  ---------------

OS: Windows 10.0 , 64 bit Build 19041 (10.0.19041.662)

CPU:total 8 (initial active 8) (4 cores per cpu, 2 threads per core) family 6 model 142 stepping 10, cmov, cx8, fxsr, mmx, sse, sse2, sse3, ssse3, sse4.1, sse4.2, popcnt, avx, avx2, aes, clmul, erms, 3dnowpref, lzcnt, ht, tsc, tscinvbit, bmi1, bmi2, adx

Memory: 4k page, physical 8266124k(495020k free), swap 12167564k(6936k free)

vm_info: OpenJDK 64-Bit Server VM (25.242-b01) for windows-amd64 JRE (1.8.0_242-release-1644-b01), built by "builder" with MS VC++ 10.0 (VS2010)

time: Wed Dec 23 10:53:20 2020
timezone: SE Asia Standard Time
elapsed time: 2671 seconds (0d 0h 44m 31s)

